<?xml version="1.0" encoding="UTF-8"?>
<?xml-stylesheet type="text/xsl" href="ivy-report.xsl"?>
<ivy-report version="1.0">
	<info
		organisation="pagerank"
		module="pagerank_2.9.2"
		revision="1.0"
		conf="test-internal"
		confs="compile, runtime, test, provided, optional, compile-internal, runtime-internal, test-internal, plugin, sources, docs, pom"
		date="20121212023710"/>
	<dependencies>
		<module organisation="org.spark-project" name="spark-core_2.9.2">
			<revision name="0.6.0" status="release" pubdate="20121015172409" resolver="Typesafe Repository" artresolver="Typesafe Repository" homepage="http://spark-project.org/" downloaded="false" searched="false" default="false" conf="default(compile), default, compile, runtime, master" position="1">
				<license name="BSD License" url="https://github.com/mesos/spark/blob/master/LICENSE"/>
				<metadata-artifact status="no" details="" size="5466" time="0" location="/root/.ivy2/cache/org.spark-project/spark-core_2.9.2/ivy-0.6.0.xml" searched="false" origin-is-local="false" origin-location="http://repo.typesafe.com/typesafe/releases/org/spark-project/spark-core_2.9.2/0.6.0/spark-core_2.9.2-0.6.0.pom"/>
				<caller organisation="pagerank" name="pagerank_2.9.2" conf="test-internal, test, optional, compile, provided, runtime" rev="0.6.0" rev-constraint-default="0.6.0" rev-constraint-dynamic="0.6.0" callerrev="1.0"/>
				<artifacts>
					<artifact name="spark-core_2.9.2" type="jar" ext="jar" status="no" details="" size="2210467" time="0" location="/root/.ivy2/cache/org.spark-project/spark-core_2.9.2/jars/spark-core_2.9.2-0.6.0.jar">
						<origin-location is-local="false" location="http://repo.typesafe.com/typesafe/releases/org/spark-project/spark-core_2.9.2/0.6.0/spark-core_2.9.2-0.6.0.jar"/>
					</artifact>
				</artifacts>
			</revision>
		</module>
		<module organisation="cc.spray" name="twirl-api_2.9.2">
			<revision name="0.5.2" status="release" pubdate="20120508183753" resolver="sbt-chain" artresolver="sbt-chain" homepage="https://github.com/spray/sbt-twirl" downloaded="false" searched="false" default="false" conf="compile, master(*), runtime, compile(*), runtime(*), master" position="75">
				<license name="Apache 2" url="http://www.apache.org/licenses/LICENSE-2.0.txt"/>
				<metadata-artifact status="no" details="" size="2724" time="0" location="/root/.ivy2/cache/cc.spray/twirl-api_2.9.2/ivy-0.5.2.xml" searched="false" origin-is-local="false" origin-location="http://repo.spray.cc/cc/spray/twirl-api_2.9.2/0.5.2/twirl-api_2.9.2-0.5.2.pom"/>
				<caller organisation="org.spark-project" name="spark-core_2.9.2" conf="default, compile, runtime, master" rev="0.5.2" rev-constraint-default="0.5.2" rev-constraint-dynamic="0.5.2" callerrev="0.6.0"/>
				<artifacts>
					<artifact name="twirl-api_2.9.2" type="jar" ext="jar" status="no" details="" size="50620" time="0" location="/root/.ivy2/cache/cc.spray/twirl-api_2.9.2/jars/twirl-api_2.9.2-0.5.2.jar">
						<origin-location is-local="false" location="http://repo.spray.cc/cc/spray/twirl-api_2.9.2/0.5.2/twirl-api_2.9.2-0.5.2.jar"/>
					</artifact>
				</artifacts>
			</revision>
		</module>
		<module organisation="commons-lang" name="commons-lang">
			<revision name="2.6" status="release" pubdate="20121011153519" resolver="sbt-chain" artresolver="sbt-chain" homepage="http://commons.apache.org/lang/" downloaded="false" searched="false" default="false" conf="compile, master(*), runtime, compile(*), runtime(*), master" position="76">
				<metadata-artifact status="no" details="" size="6390" time="0" location="/root/.ivy2/cache/commons-lang/commons-lang/ivy-2.6.xml" searched="false" origin-is-local="false" origin-location="http://repo.typesafe.com/typesafe/releases/commons-lang/commons-lang/2.6/commons-lang-2.6.pom"/>
				<caller organisation="commons-configuration" name="commons-configuration" conf="compile, runtime" rev="2.4" rev-constraint-default="2.4" rev-constraint-dynamic="2.4" callerrev="1.6"/>
				<caller organisation="cc.spray" name="twirl-api_2.9.2" conf="compile, runtime" rev="2.6" rev-constraint-default="2.6" rev-constraint-dynamic="2.6" callerrev="0.5.2"/>
				<artifacts>
					<artifact name="commons-lang" type="jar" ext="jar" status="no" details="" size="284220" time="0" location="/root/.ivy2/cache/commons-lang/commons-lang/jars/commons-lang-2.6.jar">
						<origin-location is-local="false" location="http://repo.typesafe.com/typesafe/releases/commons-lang/commons-lang/2.6/commons-lang-2.6.jar"/>
					</artifact>
				</artifacts>
			</revision>
			<revision name="2.4" status="release" pubdate="20121011180001" resolver="sbt-chain" artresolver="sbt-chain" evicted="latest-revision" evicted-reason="" homepage="http://commons.apache.org/lang/" downloaded="false" searched="false" default="false" conf="compile, master(*), runtime, compile(*), runtime(*), master" position="-1">
				<metadata-artifact status="no" details="" size="4638" time="0" location="/root/.ivy2/cache/commons-lang/commons-lang/ivy-2.4.xml" searched="false" origin-is-local="false" origin-location="http://repo.typesafe.com/typesafe/releases/commons-lang/commons-lang/2.4/commons-lang-2.4.pom"/>
				<evicted-by rev="2.6"/>
				<caller organisation="commons-configuration" name="commons-configuration" conf="compile, runtime" rev="2.4" rev-constraint-default="2.4" rev-constraint-dynamic="2.4" callerrev="1.6"/>
				<artifacts>
				</artifacts>
			</revision>
		</module>
		<module organisation="org.apache.mesos" name="mesos">
			<revision name="0.9.0-incubating" status="release" pubdate="20121012001525" resolver="sbt-chain" artresolver="sbt-chain" homepage="http://incubator.apache.org/mesos" downloaded="false" searched="false" default="false" conf="compile, master(*), runtime, compile(*), runtime(*), master" position="74">
				<metadata-artifact status="no" details="" size="3450" time="0" location="/root/.ivy2/cache/org.apache.mesos/mesos/ivy-0.9.0-incubating.xml" searched="false" origin-is-local="false" origin-location="http://repo.typesafe.com/typesafe/releases/org/apache/mesos/mesos/0.9.0-incubating/mesos-0.9.0-incubating.pom"/>
				<caller organisation="org.spark-project" name="spark-core_2.9.2" conf="default, compile, runtime, master" rev="0.9.0-incubating" rev-constraint-default="0.9.0-incubating" rev-constraint-dynamic="0.9.0-incubating" callerrev="0.6.0"/>
				<artifacts>
					<artifact name="mesos" type="jar" ext="jar" status="no" details="" size="270252" time="0" location="/root/.ivy2/cache/org.apache.mesos/mesos/jars/mesos-0.9.0-incubating.jar">
						<origin-location is-local="false" location="http://repo.typesafe.com/typesafe/releases/org/apache/mesos/mesos/0.9.0-incubating/mesos-0.9.0-incubating.jar"/>
					</artifact>
				</artifacts>
			</revision>
		</module>
		<module organisation="cc.spray" name="spray-server">
			<revision name="1.0-M2.1" status="release" pubdate="20120628173627" resolver="sbt-chain" artresolver="sbt-chain" homepage="http://spray.cc" downloaded="false" searched="false" default="false" conf="compile, master(*), runtime, compile(*), runtime(*), master" position="68">
				<license name="Apache 2" url="http://www.apache.org/licenses/LICENSE-2.0.txt"/>
				<metadata-artifact status="no" details="" size="3896" time="0" location="/root/.ivy2/cache/cc.spray/spray-server/ivy-1.0-M2.1.xml" searched="false" origin-is-local="false" origin-location="http://repo.spray.cc/cc/spray/spray-server/1.0-M2.1/spray-server-1.0-M2.1.pom"/>
				<caller organisation="org.spark-project" name="spark-core_2.9.2" conf="default, compile, runtime, master" rev="1.0-M2.1" rev-constraint-default="1.0-M2.1" rev-constraint-dynamic="1.0-M2.1" callerrev="0.6.0"/>
				<artifacts>
					<artifact name="spray-server" type="jar" ext="jar" status="no" details="" size="839311" time="0" location="/root/.ivy2/cache/cc.spray/spray-server/jars/spray-server-1.0-M2.1.jar">
						<origin-location is-local="false" location="http://repo.spray.cc/cc/spray/spray-server/1.0-M2.1/spray-server-1.0-M2.1.jar"/>
					</artifact>
				</artifacts>
			</revision>
		</module>
		<module organisation="com.googlecode.concurrentlinkedhashmap" name="concurrentlinkedhashmap-lru">
			<revision name="1.2" status="release" pubdate="20121011171836" resolver="sbt-chain" artresolver="sbt-chain" homepage="http://code.google.com/p/concurrentlinkedhashmap" downloaded="false" searched="false" default="false" conf="compile, master(*), runtime, compile(*), runtime(*), master" position="73">
				<license name="Apache" url="http://www.apache.org/licenses/LICENSE-2.0.txt"/>
				<metadata-artifact status="no" details="" size="4054" time="0" location="/root/.ivy2/cache/com.googlecode.concurrentlinkedhashmap/concurrentlinkedhashmap-lru/ivy-1.2.xml" searched="false" origin-is-local="false" origin-location="http://repo.typesafe.com/typesafe/releases/com/googlecode/concurrentlinkedhashmap/concurrentlinkedhashmap-lru/1.2/concurrentlinkedhashmap-lru-1.2.pom"/>
				<caller organisation="cc.spray" name="spray-server" conf="compile, runtime" rev="1.2" rev-constraint-default="1.2" rev-constraint-dynamic="1.2" callerrev="1.0-M2.1"/>
				<artifacts>
					<artifact name="concurrentlinkedhashmap-lru" type="jar" ext="jar" status="no" details="" size="53011" time="0" location="/root/.ivy2/cache/com.googlecode.concurrentlinkedhashmap/concurrentlinkedhashmap-lru/jars/concurrentlinkedhashmap-lru-1.2.jar">
						<origin-location is-local="false" location="http://repo.typesafe.com/typesafe/releases/com/googlecode/concurrentlinkedhashmap/concurrentlinkedhashmap-lru/1.2/concurrentlinkedhashmap-lru-1.2.jar"/>
					</artifact>
				</artifacts>
			</revision>
		</module>
		<module organisation="cc.spray" name="spray-base">
			<revision name="1.0-M2.1" status="release" pubdate="20120628173630" resolver="sbt-chain" artresolver="sbt-chain" homepage="http://spray.cc" downloaded="false" searched="false" default="false" conf="compile, master(*), runtime, compile(*), runtime(*), master" position="69">
				<license name="Apache 2" url="http://www.apache.org/licenses/LICENSE-2.0.txt"/>
				<metadata-artifact status="no" details="" size="3798" time="0" location="/root/.ivy2/cache/cc.spray/spray-base/ivy-1.0-M2.1.xml" searched="false" origin-is-local="false" origin-location="http://repo.spray.cc/cc/spray/spray-base/1.0-M2.1/spray-base-1.0-M2.1.pom"/>
				<caller organisation="cc.spray" name="spray-server" conf="compile, runtime" rev="1.0-M2.1" rev-constraint-default="1.0-M2.1" rev-constraint-dynamic="1.0-M2.1" callerrev="1.0-M2.1"/>
				<artifacts>
					<artifact name="spray-base" type="jar" ext="jar" status="no" details="" size="1008594" time="0" location="/root/.ivy2/cache/cc.spray/spray-base/jars/spray-base-1.0-M2.1.jar">
						<origin-location is-local="false" location="http://repo.spray.cc/cc/spray/spray-base/1.0-M2.1/spray-base-1.0-M2.1.jar"/>
					</artifact>
				</artifacts>
			</revision>
		</module>
		<module organisation="org.parboiled" name="parboiled-scala">
			<revision name="1.0.2" status="release" pubdate="20121011171830" resolver="sbt-chain" artresolver="sbt-chain" homepage="http://parboiled.org/" downloaded="false" searched="false" default="false" conf="compile, master(*), runtime, compile(*), runtime(*), master" position="71">
				<license name="Apache 2" url="http://www.apache.org/licenses/LICENSE-2.0.txt"/>
				<metadata-artifact status="no" details="" size="2621" time="0" location="/root/.ivy2/cache/org.parboiled/parboiled-scala/ivy-1.0.2.xml" searched="false" origin-is-local="false" origin-location="http://repo.typesafe.com/typesafe/releases/org/parboiled/parboiled-scala/1.0.2/parboiled-scala-1.0.2.pom"/>
				<caller organisation="cc.spray" name="spray-base" conf="compile, runtime" rev="1.0.2" rev-constraint-default="1.0.2" rev-constraint-dynamic="1.0.2" callerrev="1.0-M2.1"/>
				<artifacts>
					<artifact name="parboiled-scala" type="jar" ext="jar" status="no" details="" size="236730" time="0" location="/root/.ivy2/cache/org.parboiled/parboiled-scala/jars/parboiled-scala-1.0.2.jar">
						<origin-location is-local="false" location="http://repo.typesafe.com/typesafe/releases/org/parboiled/parboiled-scala/1.0.2/parboiled-scala-1.0.2.jar"/>
					</artifact>
				</artifacts>
			</revision>
		</module>
		<module organisation="org.parboiled" name="parboiled-core">
			<revision name="1.0.2" status="release" pubdate="20121011154212" resolver="sbt-chain" artresolver="sbt-chain" homepage="http://parboiled.org/" downloaded="false" searched="false" default="false" conf="compile, master(*), runtime, compile(*), runtime(*), master" position="72">
				<license name="Apache 2" url="http://www.apache.org/licenses/LICENSE-2.0.txt"/>
				<metadata-artifact status="no" details="" size="2306" time="0" location="/root/.ivy2/cache/org.parboiled/parboiled-core/ivy-1.0.2.xml" searched="false" origin-is-local="false" origin-location="http://repo.typesafe.com/typesafe/releases/org/parboiled/parboiled-core/1.0.2/parboiled-core-1.0.2.pom"/>
				<caller organisation="org.parboiled" name="parboiled-scala" conf="compile, runtime" rev="1.0.2" rev-constraint-default="1.0.2" rev-constraint-dynamic="1.0.2" callerrev="1.0.2"/>
				<artifacts>
					<artifact name="parboiled-core" type="jar" ext="jar" status="no" details="" size="211833" time="0" location="/root/.ivy2/cache/org.parboiled/parboiled-core/jars/parboiled-core-1.0.2.jar">
						<origin-location is-local="false" location="http://repo.typesafe.com/typesafe/releases/org/parboiled/parboiled-core/1.0.2/parboiled-core-1.0.2.jar"/>
					</artifact>
				</artifacts>
			</revision>
		</module>
		<module organisation="org.jvnet" name="mimepull">
			<revision name="1.6" status="release" pubdate="20121011171829" resolver="sbt-chain" artresolver="sbt-chain" homepage="" downloaded="false" searched="false" default="false" conf="compile, master(*), runtime, compile(*), runtime(*), master" position="70">
				<license name="             Dual license consisting of the CDDL v1.1 and GPL v2         " url="https://glassfish.dev.java.net/public/CDDL+GPL_1_1.html"/>
				<metadata-artifact status="no" details="" size="2792" time="0" location="/root/.ivy2/cache/org.jvnet/mimepull/ivy-1.6.xml" searched="false" origin-is-local="false" origin-location="http://repo.typesafe.com/typesafe/releases/org/jvnet/mimepull/1.6/mimepull-1.6.pom"/>
				<caller organisation="cc.spray" name="spray-base" conf="compile, runtime" rev="1.6" rev-constraint-default="1.6" rev-constraint-dynamic="1.6" callerrev="1.0-M2.1"/>
				<artifacts>
					<artifact name="mimepull" type="jar" ext="jar" status="no" details="" size="39112" time="0" location="/root/.ivy2/cache/org.jvnet/mimepull/jars/mimepull-1.6.jar">
						<origin-location is-local="false" location="http://repo.typesafe.com/typesafe/releases/org/jvnet/mimepull/1.6/mimepull-1.6.jar"/>
					</artifact>
				</artifacts>
			</revision>
		</module>
		<module organisation="cc.spray" name="spray-can">
			<revision name="1.0-M2.1" status="release" pubdate="20120628173625" resolver="sbt-chain" artresolver="sbt-chain" homepage="http://spray.cc" downloaded="false" searched="false" default="false" conf="compile, master(*), runtime, compile(*), runtime(*), master" position="65">
				<license name="Apache 2" url="http://www.apache.org/licenses/LICENSE-2.0.txt"/>
				<metadata-artifact status="no" details="" size="3085" time="0" location="/root/.ivy2/cache/cc.spray/spray-can/ivy-1.0-M2.1.xml" searched="false" origin-is-local="false" origin-location="http://repo.spray.cc/cc/spray/spray-can/1.0-M2.1/spray-can-1.0-M2.1.pom"/>
				<caller organisation="org.spark-project" name="spark-core_2.9.2" conf="default, compile, runtime, master" rev="1.0-M2.1" rev-constraint-default="1.0-M2.1" rev-constraint-dynamic="1.0-M2.1" callerrev="0.6.0"/>
				<artifacts>
					<artifact name="spray-can" type="jar" ext="jar" status="no" details="" size="399703" time="0" location="/root/.ivy2/cache/cc.spray/spray-can/jars/spray-can-1.0-M2.1.jar">
						<origin-location is-local="false" location="http://repo.spray.cc/cc/spray/spray-can/1.0-M2.1/spray-can-1.0-M2.1.jar"/>
					</artifact>
				</artifacts>
			</revision>
		</module>
		<module organisation="cc.spray" name="spray-io">
			<revision name="1.0-M2.1" status="release" pubdate="20120628173624" resolver="sbt-chain" artresolver="sbt-chain" homepage="http://spray.cc" downloaded="false" searched="false" default="false" conf="compile, master(*), runtime, compile(*), runtime(*), master" position="66">
				<license name="Apache 2" url="http://www.apache.org/licenses/LICENSE-2.0.txt"/>
				<metadata-artifact status="no" details="" size="3085" time="0" location="/root/.ivy2/cache/cc.spray/spray-io/ivy-1.0-M2.1.xml" searched="false" origin-is-local="false" origin-location="http://repo.spray.cc/cc/spray/spray-io/1.0-M2.1/spray-io-1.0-M2.1.pom"/>
				<caller organisation="cc.spray" name="spray-can" conf="compile, runtime" rev="1.0-M2.1" rev-constraint-default="1.0-M2.1" rev-constraint-dynamic="1.0-M2.1" callerrev="1.0-M2.1"/>
				<artifacts>
					<artifact name="spray-io" type="jar" ext="jar" status="no" details="" size="307262" time="0" location="/root/.ivy2/cache/cc.spray/spray-io/jars/spray-io-1.0-M2.1.jar">
						<origin-location is-local="false" location="http://repo.spray.cc/cc/spray/spray-io/1.0-M2.1/spray-io-1.0-M2.1.jar"/>
					</artifact>
				</artifacts>
			</revision>
		</module>
		<module organisation="cc.spray" name="spray-util">
			<revision name="1.0-M2.1" status="release" pubdate="20120628173610" resolver="sbt-chain" artresolver="sbt-chain" homepage="http://spray.cc" downloaded="false" searched="false" default="false" conf="compile, master(*), runtime, compile(*), runtime(*), master" position="67">
				<license name="Apache 2" url="http://www.apache.org/licenses/LICENSE-2.0.txt"/>
				<metadata-artifact status="no" details="" size="2955" time="0" location="/root/.ivy2/cache/cc.spray/spray-util/ivy-1.0-M2.1.xml" searched="false" origin-is-local="false" origin-location="http://repo.spray.cc/cc/spray/spray-util/1.0-M2.1/spray-util-1.0-M2.1.pom"/>
				<caller organisation="cc.spray" name="spray-io" conf="compile, runtime" rev="1.0-M2.1" rev-constraint-default="1.0-M2.1" rev-constraint-dynamic="1.0-M2.1" callerrev="1.0-M2.1"/>
				<caller organisation="cc.spray" name="spray-base" conf="compile, runtime" rev="1.0-M2.1" rev-constraint-default="1.0-M2.1" rev-constraint-dynamic="1.0-M2.1" callerrev="1.0-M2.1"/>
				<artifacts>
					<artifact name="spray-util" type="jar" ext="jar" status="no" details="" size="86931" time="0" location="/root/.ivy2/cache/cc.spray/spray-util/jars/spray-util-1.0-M2.1.jar">
						<origin-location is-local="false" location="http://repo.spray.cc/cc/spray/spray-util/1.0-M2.1/spray-util-1.0-M2.1.jar"/>
					</artifact>
				</artifacts>
			</revision>
		</module>
		<module organisation="colt" name="colt">
			<revision name="1.2.0" status="release" pubdate="20121011215441" resolver="sbt-chain" artresolver="sbt-chain" homepage="" downloaded="false" searched="false" default="false" conf="compile, master(*), runtime, compile(*), runtime(*), master" position="63">
				<metadata-artifact status="no" details="" size="2339" time="0" location="/root/.ivy2/cache/colt/colt/ivy-1.2.0.xml" searched="false" origin-is-local="false" origin-location="http://repo.typesafe.com/typesafe/releases/colt/colt/1.2.0/colt-1.2.0.pom"/>
				<caller organisation="org.spark-project" name="spark-core_2.9.2" conf="default, compile, runtime, master" rev="1.2.0" rev-constraint-default="1.2.0" rev-constraint-dynamic="1.2.0" callerrev="0.6.0"/>
				<artifacts>
					<artifact name="colt" type="jar" ext="jar" status="no" details="" size="581945" time="0" location="/root/.ivy2/cache/colt/colt/jars/colt-1.2.0.jar">
						<origin-location is-local="false" location="http://repo.typesafe.com/typesafe/releases/colt/colt/1.2.0/colt-1.2.0.jar"/>
					</artifact>
				</artifacts>
			</revision>
		</module>
		<module organisation="concurrent" name="concurrent">
			<revision name="1.3.4" status="release" pubdate="20121011215448" resolver="sbt-chain" artresolver="sbt-chain" homepage="" downloaded="false" searched="false" default="false" conf="compile, master(*), runtime, compile(*), runtime(*), master" position="64">
				<license name="Public domain, Sun Microsoystems" url=">http://gee.cs.oswego.edu/dl/classes/EDU/oswego/cs/dl/util/concurrent/intro.html"/>
				<metadata-artifact status="no" details="" size="2332" time="0" location="/root/.ivy2/cache/concurrent/concurrent/ivy-1.3.4.xml" searched="false" origin-is-local="false" origin-location="http://repo.typesafe.com/typesafe/releases/concurrent/concurrent/1.3.4/concurrent-1.3.4.pom"/>
				<caller organisation="colt" name="colt" conf="compile, runtime" rev="1.3.4" rev-constraint-default="1.3.4" rev-constraint-dynamic="1.3.4" callerrev="1.2.0"/>
				<artifacts>
					<artifact name="concurrent" type="jar" ext="jar" status="no" details="" size="189284" time="0" location="/root/.ivy2/cache/concurrent/concurrent/jars/concurrent-1.3.4.jar">
						<origin-location is-local="false" location="http://repo.typesafe.com/typesafe/releases/concurrent/concurrent/1.3.4/concurrent-1.3.4.jar"/>
					</artifact>
				</artifacts>
			</revision>
		</module>
		<module organisation="it.unimi.dsi" name="fastutil">
			<revision name="6.4.4" status="release" pubdate="20121012024714" resolver="sbt-chain" artresolver="sbt-chain" homepage="http://fasutil.dsi.unimi.it/" downloaded="false" searched="false" default="false" conf="compile, master(*), runtime, compile(*), runtime(*), master" position="62">
				<license name="Apache License, Version 2.0" url="http://www.apache.org/licenses/LICENSE-2.0.html"/>
				<metadata-artifact status="no" details="" size="2621" time="0" location="/root/.ivy2/cache/it.unimi.dsi/fastutil/ivy-6.4.4.xml" searched="false" origin-is-local="false" origin-location="http://repo.typesafe.com/typesafe/releases/it/unimi/dsi/fastutil/6.4.4/fastutil-6.4.4.pom"/>
				<caller organisation="org.spark-project" name="spark-core_2.9.2" conf="default, compile, runtime, master" rev="6.4.4" rev-constraint-default="6.4.4" rev-constraint-dynamic="6.4.4" callerrev="0.6.0"/>
				<artifacts>
					<artifact name="fastutil" type="jar" ext="jar" status="no" details="" size="15262723" time="0" location="/root/.ivy2/cache/it.unimi.dsi/fastutil/jars/fastutil-6.4.4.jar">
						<origin-location is-local="false" location="http://repo.typesafe.com/typesafe/releases/it/unimi/dsi/fastutil/6.4.4/fastutil-6.4.4.jar"/>
					</artifact>
				</artifacts>
			</revision>
		</module>
		<module organisation="com.typesafe.akka" name="akka-slf4j">
			<revision name="2.0.3" status="release" pubdate="20121011153906" resolver="sbt-chain" artresolver="sbt-chain" homepage="http://akka.io" downloaded="false" searched="false" default="false" conf="compile, master(*), runtime, compile(*), runtime(*), master" position="61">
				<license name="Apache 2" url="http://www.apache.org/licenses/LICENSE-2.0.txt"/>
				<metadata-artifact status="no" details="" size="3005" time="0" location="/root/.ivy2/cache/com.typesafe.akka/akka-slf4j/ivy-2.0.3.xml" searched="false" origin-is-local="false" origin-location="http://repo.typesafe.com/typesafe/releases/com/typesafe/akka/akka-slf4j/2.0.3/akka-slf4j-2.0.3.pom"/>
				<caller organisation="org.spark-project" name="spark-core_2.9.2" conf="default, compile, runtime, master" rev="2.0.3" rev-constraint-default="2.0.3" rev-constraint-dynamic="2.0.3" callerrev="0.6.0"/>
				<artifacts>
					<artifact name="akka-slf4j" type="jar" ext="jar" status="no" details="" size="14415" time="0" location="/root/.ivy2/cache/com.typesafe.akka/akka-slf4j/jars/akka-slf4j-2.0.3.jar">
						<origin-location is-local="false" location="http://repo.typesafe.com/typesafe/releases/com/typesafe/akka/akka-slf4j/2.0.3/akka-slf4j-2.0.3.jar"/>
					</artifact>
				</artifacts>
			</revision>
		</module>
		<module organisation="com.typesafe.akka" name="akka-remote">
			<revision name="2.0.3" status="release" pubdate="20121011153711" resolver="sbt-chain" artresolver="sbt-chain" homepage="http://akka.io" downloaded="false" searched="false" default="false" conf="compile, master(*), runtime, compile(*), runtime(*), master" position="52">
				<license name="Apache 2" url="http://www.apache.org/licenses/LICENSE-2.0.txt"/>
				<metadata-artifact status="no" details="" size="3878" time="0" location="/root/.ivy2/cache/com.typesafe.akka/akka-remote/ivy-2.0.3.xml" searched="false" origin-is-local="false" origin-location="http://repo.typesafe.com/typesafe/releases/com/typesafe/akka/akka-remote/2.0.3/akka-remote-2.0.3.pom"/>
				<caller organisation="org.spark-project" name="spark-core_2.9.2" conf="default, compile, runtime, master" rev="2.0.3" rev-constraint-default="2.0.3" rev-constraint-dynamic="2.0.3" callerrev="0.6.0"/>
				<artifacts>
					<artifact name="akka-remote" type="jar" ext="jar" status="no" details="" size="291896" time="0" location="/root/.ivy2/cache/com.typesafe.akka/akka-remote/jars/akka-remote-2.0.3.jar">
						<origin-location is-local="false" location="http://repo.typesafe.com/typesafe/releases/com/typesafe/akka/akka-remote/2.0.3/akka-remote-2.0.3.jar"/>
					</artifact>
				</artifacts>
			</revision>
		</module>
		<module organisation="voldemort.store.compress" name="h2-lzf">
			<revision name="1.0" status="release" pubdate="20121011153844" resolver="sbt-chain" artresolver="sbt-chain" homepage="" downloaded="false" searched="false" default="false" conf="compile, master(*), runtime, compile(*), runtime(*), master" position="60">
				<metadata-artifact status="no" details="" size="2195" time="0" location="/root/.ivy2/cache/voldemort.store.compress/h2-lzf/ivy-1.0.xml" searched="false" origin-is-local="false" origin-location="http://repo.typesafe.com/typesafe/releases/voldemort/store/compress/h2-lzf/1.0/h2-lzf-1.0.pom"/>
				<caller organisation="com.typesafe.akka" name="akka-remote" conf="compile, runtime" rev="1.0" rev-constraint-default="1.0" rev-constraint-dynamic="1.0" callerrev="2.0.3"/>
				<artifacts>
					<artifact name="h2-lzf" type="jar" ext="jar" status="no" details="" size="16412" time="0" location="/root/.ivy2/cache/voldemort.store.compress/h2-lzf/jars/h2-lzf-1.0.jar">
						<origin-location is-local="false" location="http://repo.typesafe.com/typesafe/releases/voldemort/store/compress/h2-lzf/1.0/h2-lzf-1.0.jar"/>
					</artifact>
				</artifacts>
			</revision>
		</module>
		<module organisation="net.debasishg" name="sjson_2.9.1">
			<revision name="0.15" status="release" pubdate="20121011154456" resolver="sbt-chain" artresolver="sbt-chain" homepage="" downloaded="false" searched="false" default="false" conf="compile, master(*), runtime, compile(*), runtime(*), master" position="54">
				<metadata-artifact status="no" details="" size="2778" time="0" location="/root/.ivy2/cache/net.debasishg/sjson_2.9.1/ivy-0.15.xml" searched="false" origin-is-local="false" origin-location="http://repo.typesafe.com/typesafe/releases/net/debasishg/sjson_2.9.1/0.15/sjson_2.9.1-0.15.pom"/>
				<caller organisation="com.typesafe.akka" name="akka-remote" conf="compile, runtime" rev="0.15" rev-constraint-default="0.15" rev-constraint-dynamic="0.15" callerrev="2.0.3"/>
				<artifacts>
					<artifact name="sjson_2.9.1" type="jar" ext="jar" status="no" details="" size="206046" time="0" location="/root/.ivy2/cache/net.debasishg/sjson_2.9.1/jars/sjson_2.9.1-0.15.jar">
						<origin-location is-local="false" location="http://repo.typesafe.com/typesafe/releases/net/debasishg/sjson_2.9.1/0.15/sjson_2.9.1-0.15.jar"/>
					</artifact>
				</artifacts>
			</revision>
		</module>
		<module organisation="commons-io" name="commons-io">
			<revision name="1.4" status="release" pubdate="20121011165137" resolver="sbt-chain" artresolver="sbt-chain" homepage="http://commons.apache.org/io/" downloaded="false" searched="false" default="false" conf="compile, master(*), runtime, compile(*), runtime(*), master" position="59">
				<metadata-artifact status="no" details="" size="3291" time="0" location="/root/.ivy2/cache/commons-io/commons-io/ivy-1.4.xml" searched="false" origin-is-local="false" origin-location="http://repo.typesafe.com/typesafe/releases/commons-io/commons-io/1.4/commons-io-1.4.pom"/>
				<caller organisation="net.debasishg" name="sjson_2.9.1" conf="compile, runtime" rev="1.4" rev-constraint-default="1.4" rev-constraint-dynamic="1.4" callerrev="0.15"/>
				<artifacts>
					<artifact name="commons-io" type="jar" ext="jar" status="no" details="" size="109043" time="0" location="/root/.ivy2/cache/commons-io/commons-io/jars/commons-io-1.4.jar">
						<origin-location is-local="false" location="http://repo.typesafe.com/typesafe/releases/commons-io/commons-io/1.4/commons-io-1.4.jar"/>
					</artifact>
				</artifacts>
			</revision>
		</module>
		<module organisation="org.objenesis" name="objenesis">
			<revision name="1.2" status="release" pubdate="20121011154515" resolver="sbt-chain" artresolver="sbt-chain" homepage="http://objenesis.googlecode.com/svn/docs/index.html" downloaded="false" searched="false" default="false" conf="compile, master(*), runtime, compile(*), runtime(*), master" position="58">
				<metadata-artifact status="no" details="" size="3157" time="0" location="/root/.ivy2/cache/org.objenesis/objenesis/ivy-1.2.xml" searched="false" origin-is-local="false" origin-location="http://repo.typesafe.com/typesafe/releases/org/objenesis/objenesis/1.2/objenesis-1.2.pom"/>
				<caller organisation="net.debasishg" name="sjson_2.9.1" conf="compile, runtime" rev="1.2" rev-constraint-default="1.2" rev-constraint-dynamic="1.2" callerrev="0.15"/>
				<artifacts>
					<artifact name="objenesis" type="jar" ext="jar" status="no" details="" size="36046" time="0" location="/root/.ivy2/cache/org.objenesis/objenesis/jars/objenesis-1.2.jar">
						<origin-location is-local="false" location="http://repo.typesafe.com/typesafe/releases/org/objenesis/objenesis/1.2/objenesis-1.2.jar"/>
					</artifact>
				</artifacts>
			</revision>
		</module>
		<module organisation="net.databinder" name="dispatch-json_2.9.1">
			<revision name="0.8.5" status="release" pubdate="20121011154458" resolver="sbt-chain" artresolver="sbt-chain" homepage="" downloaded="false" searched="false" default="false" conf="compile, master(*), runtime, compile(*), runtime(*), master" position="55">
				<metadata-artifact status="no" details="" size="2658" time="0" location="/root/.ivy2/cache/net.databinder/dispatch-json_2.9.1/ivy-0.8.5.xml" searched="false" origin-is-local="false" origin-location="http://repo.typesafe.com/typesafe/releases/net/databinder/dispatch-json_2.9.1/0.8.5/dispatch-json_2.9.1-0.8.5.pom"/>
				<caller organisation="net.debasishg" name="sjson_2.9.1" conf="compile, runtime" rev="0.8.5" rev-constraint-default="0.8.5" rev-constraint-dynamic="0.8.5" callerrev="0.15"/>
				<artifacts>
					<artifact name="dispatch-json_2.9.1" type="jar" ext="jar" status="no" details="" size="100934" time="0" location="/root/.ivy2/cache/net.databinder/dispatch-json_2.9.1/jars/dispatch-json_2.9.1-0.8.5.jar">
						<origin-location is-local="false" location="http://repo.typesafe.com/typesafe/releases/net/databinder/dispatch-json_2.9.1/0.8.5/dispatch-json_2.9.1-0.8.5.jar"/>
					</artifact>
				</artifacts>
			</revision>
		</module>
		<module organisation="org.apache.httpcomponents" name="httpclient">
			<revision name="4.1" status="release" pubdate="20121011154500" resolver="sbt-chain" artresolver="sbt-chain" homepage="http://hc.apache.org/httpcomponents-client" downloaded="false" searched="false" default="false" conf="compile, master(*), runtime, compile(*), runtime(*), master" position="56">
				<metadata-artifact status="no" details="" size="5617" time="0" location="/root/.ivy2/cache/org.apache.httpcomponents/httpclient/ivy-4.1.xml" searched="false" origin-is-local="false" origin-location="http://repo.typesafe.com/typesafe/releases/org/apache/httpcomponents/httpclient/4.1/httpclient-4.1.pom"/>
				<caller organisation="net.databinder" name="dispatch-json_2.9.1" conf="compile, runtime" rev="4.1" rev-constraint-default="4.1" rev-constraint-dynamic="4.1" callerrev="0.8.5"/>
				<artifacts>
					<artifact name="httpclient" type="jar" ext="jar" status="no" details="" size="349959" time="0" location="/root/.ivy2/cache/org.apache.httpcomponents/httpclient/jars/httpclient-4.1.jar">
						<origin-location is-local="false" location="http://repo.typesafe.com/typesafe/releases/org/apache/httpcomponents/httpclient/4.1/httpclient-4.1.jar"/>
					</artifact>
				</artifacts>
			</revision>
		</module>
		<module organisation="org.apache.httpcomponents" name="httpcore">
			<revision name="4.1" status="release" pubdate="20121011154505" resolver="sbt-chain" artresolver="sbt-chain" homepage="http://hc.apache.org/httpcomponents-core-ga/" downloaded="false" searched="false" default="false" conf="compile, master(*), runtime, compile(*), runtime(*), master" position="57">
				<metadata-artifact status="no" details="" size="4872" time="0" location="/root/.ivy2/cache/org.apache.httpcomponents/httpcore/ivy-4.1.xml" searched="false" origin-is-local="false" origin-location="http://repo.typesafe.com/typesafe/releases/org/apache/httpcomponents/httpcore/4.1/httpcore-4.1.pom"/>
				<caller organisation="org.apache.httpcomponents" name="httpclient" conf="compile, runtime" rev="4.1" rev-constraint-default="4.1" rev-constraint-dynamic="4.1" callerrev="4.1"/>
				<artifacts>
					<artifact name="httpcore" type="jar" ext="jar" status="no" details="" size="181041" time="0" location="/root/.ivy2/cache/org.apache.httpcomponents/httpcore/jars/httpcore-4.1.jar">
						<origin-location is-local="false" location="http://repo.typesafe.com/typesafe/releases/org/apache/httpcomponents/httpcore/4.1/httpcore-4.1.jar"/>
					</artifact>
				</artifacts>
			</revision>
		</module>
		<module organisation="io.netty" name="netty">
			<revision name="3.5.3.Final" status="release" pubdate="20121011153713" resolver="sbt-chain" artresolver="sbt-chain" homepage="http://netty.io/" downloaded="false" searched="false" default="false" conf="compile, master(*), runtime, compile(*), runtime(*), master" position="53">
				<license name="Apache License, Version 2.0" url="http://www.apache.org/licenses/LICENSE-2.0"/>
				<metadata-artifact status="no" details="" size="6423" time="0" location="/root/.ivy2/cache/io.netty/netty/ivy-3.5.3.Final.xml" searched="false" origin-is-local="false" origin-location="http://repo.typesafe.com/typesafe/releases/io/netty/netty/3.5.3.Final/netty-3.5.3.Final.pom"/>
				<caller organisation="com.typesafe.akka" name="akka-remote" conf="compile, runtime" rev="3.5.3.Final" rev-constraint-default="3.5.3.Final" rev-constraint-dynamic="3.5.3.Final" callerrev="2.0.3"/>
				<artifacts>
					<artifact name="netty" type="bundle" ext="jar" status="no" details="" size="1124762" time="0" location="/root/.ivy2/cache/io.netty/netty/bundles/netty-3.5.3.Final.jar">
						<origin-location is-local="false" location="http://repo.typesafe.com/typesafe/releases/io/netty/netty/3.5.3.Final/netty-3.5.3.Final.jar"/>
					</artifact>
				</artifacts>
			</revision>
		</module>
		<module organisation="com.typesafe.akka" name="akka-actor">
			<revision name="2.0.3" status="release" pubdate="20121011153706" resolver="sbt-chain" artresolver="sbt-chain" homepage="http://akka.io" downloaded="false" searched="false" default="false" conf="compile, master(*), runtime, compile(*), runtime(*), master" position="50">
				<license name="Apache 2" url="http://www.apache.org/licenses/LICENSE-2.0.txt"/>
				<metadata-artifact status="no" details="" size="2627" time="0" location="/root/.ivy2/cache/com.typesafe.akka/akka-actor/ivy-2.0.3.xml" searched="false" origin-is-local="false" origin-location="http://repo.typesafe.com/typesafe/releases/com/typesafe/akka/akka-actor/2.0.3/akka-actor-2.0.3.pom"/>
				<caller organisation="org.spark-project" name="spark-core_2.9.2" conf="default, compile, runtime, master" rev="2.0.3" rev-constraint-default="2.0.3" rev-constraint-dynamic="2.0.3" callerrev="0.6.0"/>
				<caller organisation="com.typesafe.akka" name="akka-remote" conf="compile, runtime" rev="2.0.3" rev-constraint-default="2.0.3" rev-constraint-dynamic="2.0.3" callerrev="2.0.3"/>
				<caller organisation="com.typesafe.akka" name="akka-slf4j" conf="compile, runtime" rev="2.0.3" rev-constraint-default="2.0.3" rev-constraint-dynamic="2.0.3" callerrev="2.0.3"/>
				<artifacts>
					<artifact name="akka-actor" type="jar" ext="jar" status="no" details="" size="1712868" time="0" location="/root/.ivy2/cache/com.typesafe.akka/akka-actor/jars/akka-actor-2.0.3.jar">
						<origin-location is-local="false" location="http://repo.typesafe.com/typesafe/releases/com/typesafe/akka/akka-actor/2.0.3/akka-actor-2.0.3.jar"/>
					</artifact>
				</artifacts>
			</revision>
		</module>
		<module organisation="com.typesafe" name="config">
			<revision name="0.3.1" status="release" pubdate="20121011153708" resolver="sbt-chain" artresolver="sbt-chain" homepage="https://github.com/typesafehub/config" downloaded="false" searched="false" default="false" conf="compile, master(*), runtime, compile(*), runtime(*), master" position="51">
				<license name="Apache License, Version 2.0" url="http://www.apache.org/licenses/LICENSE-2.0"/>
				<metadata-artifact status="no" details="" size="2839" time="0" location="/root/.ivy2/cache/com.typesafe/config/ivy-0.3.1.xml" searched="false" origin-is-local="false" origin-location="http://repo.typesafe.com/typesafe/releases/com/typesafe/config/0.3.1/config-0.3.1.pom"/>
				<caller organisation="com.typesafe.akka" name="akka-actor" conf="compile, runtime" rev="0.3.1" rev-constraint-default="0.3.1" rev-constraint-dynamic="0.3.1" callerrev="2.0.3"/>
				<artifacts>
					<artifact name="config" type="bundle" ext="jar" status="no" details="" size="155044" time="0" location="/root/.ivy2/cache/com.typesafe/config/bundles/config-0.3.1.jar">
						<origin-location is-local="false" location="http://repo.typesafe.com/typesafe/releases/com/typesafe/config/0.3.1/config-0.3.1.jar"/>
					</artifact>
				</artifacts>
			</revision>
		</module>
		<module organisation="de.javakaffee" name="kryo-serializers">
			<revision name="0.9" status="release" pubdate="20121011215329" resolver="sbt-chain" artresolver="sbt-chain" homepage="https://github.com/magro/kryo-serializers" downloaded="false" searched="false" default="false" conf="compile, master(*), runtime, compile(*), runtime(*), master" position="45">
				<license name="The Apache Software License, Version 2.0" url="http://www.apache.org/licenses/LICENSE-2.0.txt"/>
				<metadata-artifact status="no" details="" size="4786" time="0" location="/root/.ivy2/cache/de.javakaffee/kryo-serializers/ivy-0.9.xml" searched="false" origin-is-local="false" origin-location="http://repo.typesafe.com/typesafe/releases/de/javakaffee/kryo-serializers/0.9/kryo-serializers-0.9.pom"/>
				<caller organisation="org.spark-project" name="spark-core_2.9.2" conf="default, compile, runtime, master" rev="0.9" rev-constraint-default="0.9" rev-constraint-dynamic="0.9" callerrev="0.6.0"/>
				<artifacts>
					<artifact name="kryo-serializers" type="jar" ext="jar" status="no" details="" size="56215" time="0" location="/root/.ivy2/cache/de.javakaffee/kryo-serializers/jars/kryo-serializers-0.9.jar">
						<origin-location is-local="false" location="http://repo.typesafe.com/typesafe/releases/de/javakaffee/kryo-serializers/0.9/kryo-serializers-0.9.jar"/>
					</artifact>
				</artifacts>
			</revision>
		</module>
		<module organisation="com.googlecode" name="kryo">
			<revision name="1.04" status="release" pubdate="20121011215336" resolver="sbt-chain" artresolver="sbt-chain" homepage="http://code.google.com/p/kryo/" downloaded="false" searched="false" default="false" conf="compile, master(*), runtime, compile(*), runtime(*), master" position="46">
				<license name="BSD style" url="http://www.opensource.org/licenses/bsd-license.php"/>
				<metadata-artifact status="no" details="" size="3270" time="0" location="/root/.ivy2/cache/com.googlecode/kryo/ivy-1.04.xml" searched="false" origin-is-local="false" origin-location="http://repo.typesafe.com/typesafe/releases/com/googlecode/kryo/1.04/kryo-1.04.pom"/>
				<caller organisation="de.javakaffee" name="kryo-serializers" conf="compile, runtime" rev="1.04" rev-constraint-default="1.04" rev-constraint-dynamic="1.04" callerrev="0.9"/>
				<artifacts>
					<artifact name="kryo" type="jar" ext="jar" status="no" details="" size="94830" time="0" location="/root/.ivy2/cache/com.googlecode/kryo/jars/kryo-1.04.jar">
						<origin-location is-local="false" location="http://repo.typesafe.com/typesafe/releases/com/googlecode/kryo/1.04/kryo-1.04.jar"/>
					</artifact>
				</artifacts>
			</revision>
		</module>
		<module organisation="com.googlecode" name="minlog">
			<revision name="1.2" status="release" pubdate="20121011215408" resolver="sbt-chain" artresolver="sbt-chain" homepage="http://minlog.googlecode.com" downloaded="false" searched="false" default="false" conf="compile, master(*), runtime, compile(*), runtime(*), master" position="49">
				<license name="BSD style" url="http://www.opensource.org/licenses/bsd-license.php"/>
				<metadata-artifact status="no" details="" size="2540" time="0" location="/root/.ivy2/cache/com.googlecode/minlog/ivy-1.2.xml" searched="false" origin-is-local="false" origin-location="http://repo.typesafe.com/typesafe/releases/com/googlecode/minlog/1.2/minlog-1.2.pom"/>
				<caller organisation="com.googlecode" name="kryo" conf="compile, runtime" rev="1.2" rev-constraint-default="1.2" rev-constraint-dynamic="1.2" callerrev="1.04"/>
				<artifacts>
					<artifact name="minlog" type="jar" ext="jar" status="no" details="" size="4879" time="0" location="/root/.ivy2/cache/com.googlecode/minlog/jars/minlog-1.2.jar">
						<origin-location is-local="false" location="http://repo.typesafe.com/typesafe/releases/com/googlecode/minlog/1.2/minlog-1.2.jar"/>
					</artifact>
				</artifacts>
			</revision>
		</module>
		<module organisation="com.googlecode" name="reflectasm">
			<revision name="1.01" status="release" pubdate="20121011215344" resolver="sbt-chain" artresolver="sbt-chain" homepage="http://code.google.com/p/reflectasm/" downloaded="false" searched="false" default="false" conf="compile, master(*), runtime, compile(*), runtime(*), master" position="47">
				<license name="BSD style" url="http://www.opensource.org/licenses/bsd-license.php"/>
				<metadata-artifact status="no" details="" size="2879" time="0" location="/root/.ivy2/cache/com.googlecode/reflectasm/ivy-1.01.xml" searched="false" origin-is-local="false" origin-location="http://repo.typesafe.com/typesafe/releases/com/googlecode/reflectasm/1.01/reflectasm-1.01.pom"/>
				<caller organisation="com.googlecode" name="kryo" conf="compile, runtime" rev="1.01" rev-constraint-default="1.01" rev-constraint-dynamic="1.01" callerrev="1.04"/>
				<artifacts>
					<artifact name="reflectasm" type="jar" ext="jar" status="no" details="" size="11615" time="0" location="/root/.ivy2/cache/com.googlecode/reflectasm/jars/reflectasm-1.01.jar">
						<origin-location is-local="false" location="http://repo.typesafe.com/typesafe/releases/com/googlecode/reflectasm/1.01/reflectasm-1.01.jar"/>
					</artifact>
				</artifacts>
			</revision>
		</module>
		<module organisation="asm" name="asm">
			<revision name="3.2" status="release" pubdate="20121011215351" resolver="sbt-chain" artresolver="sbt-chain" homepage="" downloaded="false" searched="false" default="false" conf="compile, master(*), runtime, compile(*), runtime(*), master" position="48">
				<metadata-artifact status="no" details="" size="2800" time="0" location="/root/.ivy2/cache/asm/asm/ivy-3.2.xml" searched="false" origin-is-local="false" origin-location="http://repo.typesafe.com/typesafe/releases/asm/asm/3.2/asm-3.2.pom"/>
				<caller organisation="com.googlecode" name="reflectasm" conf="compile, runtime" rev="3.2" rev-constraint-default="3.2" rev-constraint-dynamic="3.2" callerrev="1.01"/>
				<caller organisation="com.googlecode" name="kryo" conf="compile, runtime" rev="3.2" rev-constraint-default="3.2" rev-constraint-dynamic="3.2" callerrev="1.04"/>
				<artifacts>
					<artifact name="asm" type="jar" ext="jar" status="no" details="" size="43398" time="0" location="/root/.ivy2/cache/asm/asm/jars/asm-3.2.jar">
						<origin-location is-local="false" location="http://repo.typesafe.com/typesafe/releases/asm/asm/3.2/asm-3.2.jar"/>
					</artifact>
				</artifacts>
			</revision>
		</module>
		<module organisation="com.google.protobuf" name="protobuf-java">
			<revision name="2.4.1" status="release" pubdate="20121011154452" resolver="sbt-chain" artresolver="sbt-chain" homepage="http://code.google.com/p/protobuf" downloaded="false" searched="false" default="false" conf="compile, master(*), runtime, compile(*), runtime(*), master" position="44">
				<license name="New BSD license" url="http://www.opensource.org/licenses/bsd-license.php"/>
				<metadata-artifact status="no" details="" size="2948" time="0" location="/root/.ivy2/cache/com.google.protobuf/protobuf-java/ivy-2.4.1.xml" searched="false" origin-is-local="false" origin-location="http://repo.typesafe.com/typesafe/releases/com/google/protobuf/protobuf-java/2.4.1/protobuf-java-2.4.1.pom"/>
				<caller organisation="org.spark-project" name="spark-core_2.9.2" conf="default, compile, runtime, master" rev="2.4.1" rev-constraint-default="2.4.1" rev-constraint-dynamic="2.4.1" callerrev="0.6.0"/>
				<caller organisation="org.apache.mesos" name="mesos" conf="compile, runtime" rev="2.4.1" rev-constraint-default="2.4.1" rev-constraint-dynamic="2.4.1" callerrev="0.9.0-incubating"/>
				<caller organisation="com.typesafe.akka" name="akka-remote" conf="compile, runtime" rev="2.4.1" rev-constraint-default="2.4.1" rev-constraint-dynamic="2.4.1" callerrev="2.0.3"/>
				<artifacts>
					<artifact name="protobuf-java" type="jar" ext="jar" status="no" details="" size="450279" time="0" location="/root/.ivy2/cache/com.google.protobuf/protobuf-java/jars/protobuf-java-2.4.1.jar">
						<origin-location is-local="false" location="http://repo.typesafe.com/typesafe/releases/com/google/protobuf/protobuf-java/2.4.1/protobuf-java-2.4.1.jar"/>
					</artifact>
				</artifacts>
			</revision>
		</module>
		<module organisation="asm" name="asm-all">
			<revision name="3.3.1" status="release" pubdate="20121011215258" resolver="sbt-chain" artresolver="sbt-chain" homepage="" downloaded="false" searched="false" default="false" conf="compile, master(*), runtime, compile(*), runtime(*), master" position="43">
				<metadata-artifact status="no" details="" size="2822" time="0" location="/root/.ivy2/cache/asm/asm-all/ivy-3.3.1.xml" searched="false" origin-is-local="false" origin-location="http://repo.typesafe.com/typesafe/releases/asm/asm-all/3.3.1/asm-all-3.3.1.pom"/>
				<caller organisation="org.spark-project" name="spark-core_2.9.2" conf="default, compile, runtime, master" rev="3.3.1" rev-constraint-default="3.3.1" rev-constraint-dynamic="3.3.1" callerrev="0.6.0"/>
				<artifacts>
					<artifact name="asm-all" type="jar" ext="jar" status="no" details="" size="207007" time="0" location="/root/.ivy2/cache/asm/asm-all/jars/asm-all-3.3.1.jar">
						<origin-location is-local="false" location="http://repo.typesafe.com/typesafe/releases/asm/asm-all/3.3.1/asm-all-3.3.1.jar"/>
					</artifact>
				</artifacts>
			</revision>
		</module>
		<module organisation="org.apache.hadoop" name="hadoop-core">
			<revision name="0.20.205.0" status="release" pubdate="20121011182058" resolver="sbt-chain" artresolver="sbt-chain" homepage="" downloaded="false" searched="false" default="false" conf="compile, master(*), runtime, compile(*), runtime(*), master" position="14">
				<metadata-artifact status="no" details="" size="4948" time="0" location="/root/.ivy2/cache/org.apache.hadoop/hadoop-core/ivy-0.20.205.0.xml" searched="false" origin-is-local="false" origin-location="http://repo.typesafe.com/typesafe/releases/org/apache/hadoop/hadoop-core/0.20.205.0/hadoop-core-0.20.205.0.pom"/>
				<caller organisation="org.spark-project" name="spark-core_2.9.2" conf="default, compile, runtime, master" rev="0.20.205.0" rev-constraint-default="0.20.205.0" rev-constraint-dynamic="0.20.205.0" callerrev="0.6.0"/>
				<artifacts>
					<artifact name="hadoop-core" type="jar" ext="jar" status="no" details="" size="3701573" time="0" location="/root/.ivy2/cache/org.apache.hadoop/hadoop-core/jars/hadoop-core-0.20.205.0.jar">
						<origin-location is-local="false" location="http://repo.typesafe.com/typesafe/releases/org/apache/hadoop/hadoop-core/0.20.205.0/hadoop-core-0.20.205.0.jar"/>
					</artifact>
				</artifacts>
			</revision>
		</module>
		<module organisation="hsqldb" name="hsqldb">
			<revision name="1.8.0.10" status="release" pubdate="20121011182125" resolver="sbt-chain" artresolver="sbt-chain" homepage="http://hsqldb.org/" downloaded="false" searched="false" default="false" conf="compile, master(*), runtime, compile(*), runtime(*), master" position="42">
				<license name="HSQLDB License" url="http://hsqldb.org/web/hsqlLicense.html"/>
				<metadata-artifact status="no" details="" size="2340" time="0" location="/root/.ivy2/cache/hsqldb/hsqldb/ivy-1.8.0.10.xml" searched="false" origin-is-local="false" origin-location="http://repo.typesafe.com/typesafe/releases/hsqldb/hsqldb/1.8.0.10/hsqldb-1.8.0.10.pom"/>
				<caller organisation="org.apache.hadoop" name="hadoop-core" conf="compile, runtime" rev="1.8.0.10" rev-constraint-default="1.8.0.10" rev-constraint-dynamic="1.8.0.10" callerrev="0.20.205.0"/>
				<artifacts>
					<artifact name="hsqldb" type="jar" ext="jar" status="no" details="" size="706710" time="0" location="/root/.ivy2/cache/hsqldb/hsqldb/jars/hsqldb-1.8.0.10.jar">
						<origin-location is-local="false" location="http://repo.typesafe.com/typesafe/releases/hsqldb/hsqldb/1.8.0.10/hsqldb-1.8.0.10.jar"/>
					</artifact>
				</artifacts>
			</revision>
		</module>
		<module organisation="net.sf.kosmosfs" name="kfs">
			<revision name="0.3" status="release" pubdate="20121011182124" resolver="sbt-chain" artresolver="sbt-chain" homepage="http://kosmosfs.sourceforge.net/" downloaded="false" searched="false" default="false" conf="compile, master(*), runtime, compile(*), runtime(*), master" position="41">
				<license name="The Apache Software License, Version 2.0" url="http://www.apache.org/licenses/LICENSE-2.0.txt"/>
				<metadata-artifact status="no" details="" size="2445" time="0" location="/root/.ivy2/cache/net.sf.kosmosfs/kfs/ivy-0.3.xml" searched="false" origin-is-local="false" origin-location="http://repo.typesafe.com/typesafe/releases/net/sf/kosmosfs/kfs/0.3/kfs-0.3.pom"/>
				<caller organisation="org.apache.hadoop" name="hadoop-core" conf="compile, runtime" rev="0.3" rev-constraint-default="0.3" rev-constraint-dynamic="0.3" callerrev="0.20.205.0"/>
				<artifacts>
					<artifact name="kfs" type="jar" ext="jar" status="no" details="" size="11981" time="0" location="/root/.ivy2/cache/net.sf.kosmosfs/kfs/jars/kfs-0.3.jar">
						<origin-location is-local="false" location="http://repo.typesafe.com/typesafe/releases/net/sf/kosmosfs/kfs/0.3/kfs-0.3.jar"/>
					</artifact>
				</artifacts>
			</revision>
		</module>
		<module organisation="net.java.dev.jets3t" name="jets3t">
			<revision name="0.7.1" status="release" pubdate="20121011182123" resolver="sbt-chain" artresolver="sbt-chain" homepage="http://jets3t.s3.amazonaws.com/index.html" downloaded="false" searched="false" default="false" conf="compile, master(*), runtime, compile(*), runtime(*), master" position="40">
				<license name="Apache License, Version 2.0" url="http://www.apache.org/licenses/LICENSE-2.0"/>
				<metadata-artifact status="no" details="" size="3056" time="0" location="/root/.ivy2/cache/net.java.dev.jets3t/jets3t/ivy-0.7.1.xml" searched="false" origin-is-local="false" origin-location="http://repo.typesafe.com/typesafe/releases/net/java/dev/jets3t/jets3t/0.7.1/jets3t-0.7.1.pom"/>
				<caller organisation="org.apache.hadoop" name="hadoop-core" conf="compile, runtime" rev="0.7.1" rev-constraint-default="0.7.1" rev-constraint-dynamic="0.7.1" callerrev="0.20.205.0"/>
				<artifacts>
					<artifact name="jets3t" type="jar" ext="jar" status="no" details="" size="377780" time="0" location="/root/.ivy2/cache/net.java.dev.jets3t/jets3t/jars/jets3t-0.7.1.jar">
						<origin-location is-local="false" location="http://repo.typesafe.com/typesafe/releases/net/java/dev/jets3t/jets3t/0.7.1/jets3t-0.7.1.jar"/>
					</artifact>
				</artifacts>
			</revision>
		</module>
		<module organisation="commons-el" name="commons-el">
			<revision name="1.0" status="release" pubdate="20121011182122" resolver="sbt-chain" artresolver="sbt-chain" homepage="http://jakarta.apache.org/commons/el/" downloaded="false" searched="false" default="false" conf="compile, master(*), runtime, compile(*), runtime(*), master" position="39">
				<license name="The Apache Software License, Version 2.0" url="/LICENSE.txt"/>
				<metadata-artifact status="no" details="" size="2907" time="0" location="/root/.ivy2/cache/commons-el/commons-el/ivy-1.0.xml" searched="false" origin-is-local="false" origin-location="http://repo.typesafe.com/typesafe/releases/commons-el/commons-el/1.0/commons-el-1.0.pom"/>
				<caller organisation="org.apache.hadoop" name="hadoop-core" conf="compile, runtime" rev="1.0" rev-constraint-default="1.0" rev-constraint-dynamic="1.0" callerrev="0.20.205.0"/>
				<artifacts>
					<artifact name="commons-el" type="jar" ext="jar" status="no" details="" size="112341" time="0" location="/root/.ivy2/cache/commons-el/commons-el/jars/commons-el-1.0.jar">
						<origin-location is-local="false" location="http://repo.typesafe.com/typesafe/releases/commons-el/commons-el/1.0/commons-el-1.0.jar"/>
					</artifact>
				</artifacts>
			</revision>
		</module>
		<module organisation="org.mortbay.jetty" name="jsp-2.1">
			<revision name="6.1.14" status="release" pubdate="20121011182119" resolver="sbt-chain" artresolver="sbt-chain" homepage="" downloaded="false" searched="false" default="false" conf="compile, master(*), runtime, compile(*), runtime(*), master" position="36">
				<license name="CDDL 1.0" url="https://glassfish.dev.java.net/public/CDDLv1.0.html"/>
				<metadata-artifact status="no" details="" size="6744" time="0" location="/root/.ivy2/cache/org.mortbay.jetty/jsp-2.1/ivy-6.1.14.xml" searched="false" origin-is-local="false" origin-location="http://repo.typesafe.com/typesafe/releases/org/mortbay/jetty/jsp-2.1/6.1.14/jsp-2.1-6.1.14.pom"/>
				<caller organisation="org.apache.hadoop" name="hadoop-core" conf="compile, runtime" rev="6.1.14" rev-constraint-default="6.1.14" rev-constraint-dynamic="6.1.14" callerrev="0.20.205.0"/>
				<artifacts>
					<artifact name="jsp-2.1" type="jar" ext="jar" status="no" details="" size="1024680" time="0" location="/root/.ivy2/cache/org.mortbay.jetty/jsp-2.1/jars/jsp-2.1-6.1.14.jar">
						<origin-location is-local="false" location="http://repo.typesafe.com/typesafe/releases/org/mortbay/jetty/jsp-2.1/6.1.14/jsp-2.1-6.1.14.jar"/>
					</artifact>
				</artifacts>
			</revision>
		</module>
		<module organisation="org.eclipse.jdt" name="core">
			<revision name="3.1.1" status="release" pubdate="20121011182120" resolver="sbt-chain" artresolver="sbt-chain" homepage="http://www.eclipse.org/jdt/" downloaded="false" searched="false" default="false" conf="compile, master(*), runtime, compile(*), runtime(*), master" position="37">
				<license name="Eclipse Public License v1.0" url="http://www.eclipse.org/org/documents/epl-v10.php"/>
				<metadata-artifact status="no" details="" size="2315" time="0" location="/root/.ivy2/cache/org.eclipse.jdt/core/ivy-3.1.1.xml" searched="false" origin-is-local="false" origin-location="http://repo.typesafe.com/typesafe/releases/org/eclipse/jdt/core/3.1.1/core-3.1.1.pom"/>
				<caller organisation="org.mortbay.jetty" name="jsp-2.1" conf="compile, runtime" rev="3.1.1" rev-constraint-default="3.1.1" rev-constraint-dynamic="3.1.1" callerrev="6.1.14"/>
				<caller organisation="org.apache.hadoop" name="hadoop-core" conf="compile, runtime" rev="3.1.1" rev-constraint-default="3.1.1" rev-constraint-dynamic="3.1.1" callerrev="0.20.205.0"/>
				<artifacts>
					<artifact name="core" type="jar" ext="jar" status="no" details="" size="3566844" time="0" location="/root/.ivy2/cache/org.eclipse.jdt/core/jars/core-3.1.1.jar">
						<origin-location is-local="false" location="http://repo.typesafe.com/typesafe/releases/org/eclipse/jdt/core/3.1.1/core-3.1.1.jar"/>
					</artifact>
				</artifacts>
			</revision>
		</module>
		<module organisation="org.mortbay.jetty" name="jsp-api-2.1">
			<revision name="6.1.14" status="release" pubdate="20121011182116" resolver="sbt-chain" artresolver="sbt-chain" homepage="" downloaded="false" searched="false" default="false" conf="compile, master(*), runtime, compile(*), runtime(*), master" position="34">
				<metadata-artifact status="no" details="" size="5951" time="0" location="/root/.ivy2/cache/org.mortbay.jetty/jsp-api-2.1/ivy-6.1.14.xml" searched="false" origin-is-local="false" origin-location="http://repo.typesafe.com/typesafe/releases/org/mortbay/jetty/jsp-api-2.1/6.1.14/jsp-api-2.1-6.1.14.pom"/>
				<caller organisation="org.mortbay.jetty" name="jsp-2.1" conf="compile, runtime" rev="6.1.14" rev-constraint-default="6.1.14" rev-constraint-dynamic="6.1.14" callerrev="6.1.14"/>
				<caller organisation="org.apache.hadoop" name="hadoop-core" conf="compile, runtime" rev="6.1.14" rev-constraint-default="6.1.14" rev-constraint-dynamic="6.1.14" callerrev="0.20.205.0"/>
				<artifacts>
					<artifact name="jsp-api-2.1" type="jar" ext="jar" status="no" details="" size="134910" time="0" location="/root/.ivy2/cache/org.mortbay.jetty/jsp-api-2.1/jars/jsp-api-2.1-6.1.14.jar">
						<origin-location is-local="false" location="http://repo.typesafe.com/typesafe/releases/org/mortbay/jetty/jsp-api-2.1/6.1.14/jsp-api-2.1-6.1.14.jar"/>
					</artifact>
				</artifacts>
			</revision>
		</module>
		<module organisation="org.mortbay.jetty" name="servlet-api-2.5">
			<revision name="6.1.14" status="release" pubdate="20121011182118" resolver="sbt-chain" artresolver="sbt-chain" homepage="" downloaded="false" searched="false" default="false" conf="compile, master(*), runtime, compile(*), runtime(*), master" position="35">
				<license name="CDDL 1.0" url="https://glassfish.dev.java.net/public/CDDLv1.0.html"/>
				<metadata-artifact status="no" details="" size="5157" time="0" location="/root/.ivy2/cache/org.mortbay.jetty/servlet-api-2.5/ivy-6.1.14.xml" searched="false" origin-is-local="false" origin-location="http://repo.typesafe.com/typesafe/releases/org/mortbay/jetty/servlet-api-2.5/6.1.14/servlet-api-2.5-6.1.14.pom"/>
				<caller organisation="org.mortbay.jetty" name="jsp-api-2.1" conf="compile, runtime" rev="6.1.14" rev-constraint-default="6.1.14" rev-constraint-dynamic="6.1.14" callerrev="6.1.14"/>
				<artifacts>
					<artifact name="servlet-api-2.5" type="jar" ext="jar" status="no" details="" size="132368" time="0" location="/root/.ivy2/cache/org.mortbay.jetty/servlet-api-2.5/jars/servlet-api-2.5-6.1.14.jar">
						<origin-location is-local="false" location="http://repo.typesafe.com/typesafe/releases/org/mortbay/jetty/servlet-api-2.5/6.1.14/servlet-api-2.5-6.1.14.jar"/>
					</artifact>
				</artifacts>
			</revision>
		</module>
		<module organisation="tomcat" name="jasper-compiler">
			<revision name="5.5.12" status="release" pubdate="20121011182115" resolver="sbt-chain" artresolver="sbt-chain" homepage="" downloaded="false" searched="false" default="false" conf="compile, master(*), runtime, compile(*), runtime(*), master" position="33">
				<metadata-artifact status="no" details="" size="2198" time="0" location="/root/.ivy2/cache/tomcat/jasper-compiler/ivy-5.5.12.xml" searched="false" origin-is-local="false" origin-location="http://repo.typesafe.com/typesafe/releases/tomcat/jasper-compiler/5.5.12/jasper-compiler-5.5.12.pom"/>
				<caller organisation="org.apache.hadoop" name="hadoop-core" conf="compile, runtime" rev="5.5.12" rev-constraint-default="5.5.12" rev-constraint-dynamic="5.5.12" callerrev="0.20.205.0"/>
				<artifacts>
					<artifact name="jasper-compiler" type="jar" ext="jar" status="no" details="" size="405086" time="0" location="/root/.ivy2/cache/tomcat/jasper-compiler/jars/jasper-compiler-5.5.12.jar">
						<origin-location is-local="false" location="http://repo.typesafe.com/typesafe/releases/tomcat/jasper-compiler/5.5.12/jasper-compiler-5.5.12.jar"/>
					</artifact>
				</artifacts>
			</revision>
		</module>
		<module organisation="tomcat" name="jasper-runtime">
			<revision name="5.5.12" status="release" pubdate="20121011182114" resolver="sbt-chain" artresolver="sbt-chain" homepage="" downloaded="false" searched="false" default="false" conf="compile, master(*), runtime, compile(*), runtime(*), master" position="32">
				<metadata-artifact status="no" details="" size="2196" time="0" location="/root/.ivy2/cache/tomcat/jasper-runtime/ivy-5.5.12.xml" searched="false" origin-is-local="false" origin-location="http://repo.typesafe.com/typesafe/releases/tomcat/jasper-runtime/5.5.12/jasper-runtime-5.5.12.pom"/>
				<caller organisation="org.apache.hadoop" name="hadoop-core" conf="compile, runtime" rev="5.5.12" rev-constraint-default="5.5.12" rev-constraint-dynamic="5.5.12" callerrev="0.20.205.0"/>
				<artifacts>
					<artifact name="jasper-runtime" type="jar" ext="jar" status="no" details="" size="76698" time="0" location="/root/.ivy2/cache/tomcat/jasper-runtime/jars/jasper-runtime-5.5.12.jar">
						<origin-location is-local="false" location="http://repo.typesafe.com/typesafe/releases/tomcat/jasper-runtime/5.5.12/jasper-runtime-5.5.12.jar"/>
					</artifact>
				</artifacts>
			</revision>
		</module>
		<module organisation="org.mortbay.jetty" name="jetty">
			<revision name="6.1.26" status="release" pubdate="20121011182109" resolver="sbt-chain" artresolver="sbt-chain" homepage="" downloaded="false" searched="false" default="false" conf="compile, master(*), runtime, compile(*), runtime(*), master" position="29">
				<metadata-artifact status="no" details="" size="7201" time="0" location="/root/.ivy2/cache/org.mortbay.jetty/jetty/ivy-6.1.26.xml" searched="false" origin-is-local="false" origin-location="http://repo.typesafe.com/typesafe/releases/org/mortbay/jetty/jetty/6.1.26/jetty-6.1.26.pom"/>
				<caller organisation="org.apache.hadoop" name="hadoop-core" conf="compile, runtime" rev="6.1.26" rev-constraint-default="6.1.26" rev-constraint-dynamic="6.1.26" callerrev="0.20.205.0"/>
				<artifacts>
					<artifact name="jetty" type="jar" ext="jar" status="no" details="" size="539912" time="0" location="/root/.ivy2/cache/org.mortbay.jetty/jetty/jars/jetty-6.1.26.jar">
						<origin-location is-local="false" location="http://repo.typesafe.com/typesafe/releases/org/mortbay/jetty/jetty/6.1.26/jetty-6.1.26.jar"/>
					</artifact>
				</artifacts>
			</revision>
		</module>
		<module organisation="commons-net" name="commons-net">
			<revision name="1.4.1" status="release" pubdate="20121011182107" resolver="sbt-chain" artresolver="sbt-chain" homepage="http://jakarta.apache.org/commons/${pom.artifactId.substring(8)}/" downloaded="false" searched="false" default="false" conf="compile, master(*), runtime, compile(*), runtime(*), master" position="27">
				<license name="The Apache Software License, Version 2.0" url="/LICENSE.txt"/>
				<metadata-artifact status="no" details="" size="2585" time="0" location="/root/.ivy2/cache/commons-net/commons-net/ivy-1.4.1.xml" searched="false" origin-is-local="false" origin-location="http://repo.typesafe.com/typesafe/releases/commons-net/commons-net/1.4.1/commons-net-1.4.1.pom"/>
				<caller organisation="org.apache.hadoop" name="hadoop-core" conf="compile, runtime" rev="1.4.1" rev-constraint-default="1.4.1" rev-constraint-dynamic="1.4.1" callerrev="0.20.205.0"/>
				<artifacts>
					<artifact name="commons-net" type="jar" ext="jar" status="no" details="" size="180792" time="0" location="/root/.ivy2/cache/commons-net/commons-net/jars/commons-net-1.4.1.jar">
						<origin-location is-local="false" location="http://repo.typesafe.com/typesafe/releases/commons-net/commons-net/1.4.1/commons-net-1.4.1.jar"/>
					</artifact>
				</artifacts>
			</revision>
		</module>
		<module organisation="commons-configuration" name="commons-configuration">
			<revision name="1.6" status="release" pubdate="20121011182103" resolver="sbt-chain" artresolver="sbt-chain" homepage="http://commons.apache.org/${pom.artifactId.substring(8)}/" downloaded="false" searched="false" default="false" conf="compile, master(*), runtime, compile(*), runtime(*), master" position="21">
				<license name="The Apache Software License, Version 2.0" url="/LICENSE.txt"/>
				<metadata-artifact status="no" details="" size="5546" time="0" location="/root/.ivy2/cache/commons-configuration/commons-configuration/ivy-1.6.xml" searched="false" origin-is-local="false" origin-location="http://repo.typesafe.com/typesafe/releases/commons-configuration/commons-configuration/1.6/commons-configuration-1.6.pom"/>
				<caller organisation="org.apache.hadoop" name="hadoop-core" conf="compile, runtime" rev="1.6" rev-constraint-default="1.6" rev-constraint-dynamic="1.6" callerrev="0.20.205.0"/>
				<artifacts>
					<artifact name="commons-configuration" type="jar" ext="jar" status="no" details="" size="298829" time="0" location="/root/.ivy2/cache/commons-configuration/commons-configuration/jars/commons-configuration-1.6.jar">
						<origin-location is-local="false" location="http://repo.typesafe.com/typesafe/releases/commons-configuration/commons-configuration/1.6/commons-configuration-1.6.jar"/>
					</artifact>
				</artifacts>
			</revision>
		</module>
		<module organisation="ant" name="ant">
			<revision name="1.6.5" status="release" pubdate="20121011182121" resolver="sbt-chain" artresolver="sbt-chain" homepage="" downloaded="false" searched="false" default="false" conf="compile, master(*), runtime, compile(*), runtime(*), master" position="38">
				<metadata-artifact status="no" details="" size="2540" time="0" location="/root/.ivy2/cache/ant/ant/ivy-1.6.5.xml" searched="false" origin-is-local="false" origin-location="http://repo.typesafe.com/typesafe/releases/ant/ant/1.6.5/ant-1.6.5.pom"/>
				<caller organisation="org.mortbay.jetty" name="jsp-2.1" conf="compile, runtime" rev="1.6.5" rev-constraint-default="1.6.5" rev-constraint-dynamic="1.6.5" callerrev="6.1.14"/>
				<artifacts>
					<artifact name="ant" type="jar" ext="jar" status="no" details="" size="1034049" time="0" location="/root/.ivy2/cache/ant/ant/jars/ant-1.6.5.jar">
						<origin-location is-local="false" location="http://repo.typesafe.com/typesafe/releases/ant/ant/1.6.5/ant-1.6.5.jar"/>
					</artifact>
				</artifacts>
			</revision>
		</module>
		<module organisation="commons-beanutils" name="commons-beanutils-core">
			<revision name="1.8.0" status="release" pubdate="20121011182105" resolver="sbt-chain" artresolver="sbt-chain" homepage="http://commons.apache.org/beanutils/" downloaded="false" searched="false" default="false" conf="compile, master(*), runtime, compile(*), runtime(*), master" position="26">
				<metadata-artifact status="no" details="" size="2550" time="0" location="/root/.ivy2/cache/commons-beanutils/commons-beanutils-core/ivy-1.8.0.xml" searched="false" origin-is-local="false" origin-location="http://repo.typesafe.com/typesafe/releases/commons-beanutils/commons-beanutils-core/1.8.0/commons-beanutils-core-1.8.0.pom"/>
				<caller organisation="commons-configuration" name="commons-configuration" conf="compile, runtime" rev="1.8.0" rev-constraint-default="1.8.0" rev-constraint-dynamic="1.8.0" callerrev="1.6"/>
				<artifacts>
					<artifact name="commons-beanutils-core" type="jar" ext="jar" status="no" details="" size="206035" time="0" location="/root/.ivy2/cache/commons-beanutils/commons-beanutils-core/jars/commons-beanutils-core-1.8.0.jar">
						<origin-location is-local="false" location="http://repo.typesafe.com/typesafe/releases/commons-beanutils/commons-beanutils-core/1.8.0/commons-beanutils-core-1.8.0.jar"/>
					</artifact>
				</artifacts>
			</revision>
		</module>
		<module organisation="commons-digester" name="commons-digester">
			<revision name="1.8" status="release" pubdate="20121011160755" resolver="sbt-chain" artresolver="sbt-chain" homepage="http://jakarta.apache.org/commons/digester/" downloaded="false" searched="false" default="false" conf="compile, master(*), runtime, compile(*), runtime(*), master" position="24">
				<license name="The Apache Software License, Version 2.0" url="/LICENSE.txt"/>
				<metadata-artifact status="no" details="" size="3201" time="0" location="/root/.ivy2/cache/commons-digester/commons-digester/ivy-1.8.xml" searched="false" origin-is-local="false" origin-location="http://repo.typesafe.com/typesafe/releases/commons-digester/commons-digester/1.8/commons-digester-1.8.pom"/>
				<caller organisation="commons-configuration" name="commons-configuration" conf="compile, runtime" rev="1.8" rev-constraint-default="1.8" rev-constraint-dynamic="1.8" callerrev="1.6"/>
				<artifacts>
					<artifact name="commons-digester" type="jar" ext="jar" status="no" details="" size="143602" time="0" location="/root/.ivy2/cache/commons-digester/commons-digester/jars/commons-digester-1.8.jar">
						<origin-location is-local="false" location="http://repo.typesafe.com/typesafe/releases/commons-digester/commons-digester/1.8/commons-digester-1.8.jar"/>
					</artifact>
				</artifacts>
			</revision>
		</module>
		<module organisation="commons-beanutils" name="commons-beanutils">
			<revision name="1.7.0" status="release" pubdate="20121011153527" resolver="sbt-chain" artresolver="sbt-chain" homepage="" downloaded="false" searched="false" default="false" conf="compile, master(*), runtime, compile(*), runtime(*), master" position="25">
				<metadata-artifact status="no" details="" size="2388" time="0" location="/root/.ivy2/cache/commons-beanutils/commons-beanutils/ivy-1.7.0.xml" searched="false" origin-is-local="false" origin-location="http://repo.typesafe.com/typesafe/releases/commons-beanutils/commons-beanutils/1.7.0/commons-beanutils-1.7.0.pom"/>
				<caller organisation="commons-digester" name="commons-digester" conf="compile, runtime" rev="1.7.0" rev-constraint-default="1.7.0" rev-constraint-dynamic="1.7.0" callerrev="1.8"/>
				<artifacts>
					<artifact name="commons-beanutils" type="jar" ext="jar" status="no" details="" size="188671" time="0" location="/root/.ivy2/cache/commons-beanutils/commons-beanutils/jars/commons-beanutils-1.7.0.jar">
						<origin-location is-local="false" location="http://repo.typesafe.com/typesafe/releases/commons-beanutils/commons-beanutils/1.7.0/commons-beanutils-1.7.0.jar"/>
					</artifact>
				</artifacts>
			</revision>
		</module>
		<module organisation="commons-logging" name="commons-logging">
			<revision name="1.1.1" status="release" pubdate="20121011153535" resolver="sbt-chain" artresolver="sbt-chain" homepage="http://commons.apache.org/logging" downloaded="false" searched="false" default="false" conf="compile, master(*), runtime, compile(*), runtime(*), master" position="23">
				<metadata-artifact status="no" details="" size="3941" time="0" location="/root/.ivy2/cache/commons-logging/commons-logging/ivy-1.1.1.xml" searched="false" origin-is-local="false" origin-location="http://repo.typesafe.com/typesafe/releases/commons-logging/commons-logging/1.1.1/commons-logging-1.1.1.pom"/>
				<caller organisation="commons-el" name="commons-el" conf="compile, runtime" rev="1.0.3" rev-constraint-default="1.0.3" rev-constraint-dynamic="1.0.3" callerrev="1.0"/>
				<caller organisation="commons-beanutils" name="commons-beanutils-core" conf="compile, runtime" rev="1.1.1" rev-constraint-default="1.1.1" rev-constraint-dynamic="1.1.1" callerrev="1.8.0"/>
				<caller organisation="commons-beanutils" name="commons-beanutils" conf="compile, runtime" rev="1.0.3" rev-constraint-default="1.0.3" rev-constraint-dynamic="1.0.3" callerrev="1.7.0"/>
				<caller organisation="commons-configuration" name="commons-configuration" conf="compile, runtime" rev="1.1.1" rev-constraint-default="1.1.1" rev-constraint-dynamic="1.1.1" callerrev="1.6"/>
				<caller organisation="commons-httpclient" name="commons-httpclient" conf="compile, runtime" rev="1.0.3" rev-constraint-default="1.0.3" rev-constraint-dynamic="1.0.3" callerrev="3.0.1"/>
				<caller organisation="net.java.dev.jets3t" name="jets3t" conf="compile, runtime" rev="1.1.1" rev-constraint-default="1.1.1" rev-constraint-dynamic="1.1.1" callerrev="0.7.1"/>
				<caller organisation="org.apache.httpcomponents" name="httpclient" conf="compile, runtime" rev="1.1.1" rev-constraint-default="1.1.1" rev-constraint-dynamic="1.1.1" callerrev="4.1"/>
				<caller organisation="commons-digester" name="commons-digester" conf="compile, runtime" rev="1.1" rev-constraint-default="1.1" rev-constraint-dynamic="1.1" callerrev="1.8"/>
				<artifacts>
					<artifact name="commons-logging" type="jar" ext="jar" status="no" details="" size="60686" time="0" location="/root/.ivy2/cache/commons-logging/commons-logging/jars/commons-logging-1.1.1.jar">
						<origin-location is-local="false" location="http://repo.typesafe.com/typesafe/releases/commons-logging/commons-logging/1.1.1/commons-logging-1.1.1.jar"/>
					</artifact>
				</artifacts>
			</revision>
			<revision name="1.0.3" status="release" pubdate="20121011232403" resolver="sbt-chain" artresolver="sbt-chain" evicted="latest-revision" evicted-reason="" homepage="http://jakarta.apache.org/commons/logging/" downloaded="false" searched="false" default="false" conf="compile, master(*), runtime, compile(*), runtime(*), master" position="-1">
				<metadata-artifact status="no" details="" size="2622" time="0" location="/root/.ivy2/cache/commons-logging/commons-logging/ivy-1.0.3.xml" searched="false" origin-is-local="false" origin-location="http://repo.typesafe.com/typesafe/releases/commons-logging/commons-logging/1.0.3/commons-logging-1.0.3.pom"/>
				<evicted-by rev="1.1.1"/>
				<caller organisation="commons-el" name="commons-el" conf="compile, runtime" rev="1.0.3" rev-constraint-default="1.0.3" rev-constraint-dynamic="1.0.3" callerrev="1.0"/>
				<caller organisation="commons-beanutils" name="commons-beanutils" conf="compile, runtime" rev="1.0.3" rev-constraint-default="1.0.3" rev-constraint-dynamic="1.0.3" callerrev="1.7.0"/>
				<caller organisation="commons-httpclient" name="commons-httpclient" conf="compile, runtime" rev="1.0.3" rev-constraint-default="1.0.3" rev-constraint-dynamic="1.0.3" callerrev="3.0.1"/>
				<artifacts>
				</artifacts>
			</revision>
			<revision name="1.1" evicted="latest-revision" evicted-reason="" downloaded="false" searched="false" conf="compile, master(*), runtime, compile(*), runtime(*), master" position="-1">
				<evicted-by rev="1.1.1"/>
				<caller organisation="commons-beanutils" name="commons-beanutils" conf="compile, runtime" rev="1.0.3" rev-constraint-default="1.0.3" rev-constraint-dynamic="1.0.3" callerrev="1.7.0"/>
				<caller organisation="commons-httpclient" name="commons-httpclient" conf="compile, runtime" rev="1.0.3" rev-constraint-default="1.0.3" rev-constraint-dynamic="1.0.3" callerrev="3.0.1"/>
				<caller organisation="commons-digester" name="commons-digester" conf="compile, runtime" rev="1.1" rev-constraint-default="1.1" rev-constraint-dynamic="1.1" callerrev="1.8"/>
				<artifacts>
				</artifacts>
			</revision>
		</module>
		<module organisation="commons-collections" name="commons-collections">
			<revision name="3.2.1" status="release" pubdate="20121011153539" resolver="sbt-chain" artresolver="sbt-chain" homepage="http://commons.apache.org/collections/" downloaded="false" searched="false" default="false" conf="compile, master(*), runtime, compile(*), runtime(*), master" position="22">
				<metadata-artifact status="no" details="" size="4584" time="0" location="/root/.ivy2/cache/commons-collections/commons-collections/ivy-3.2.1.xml" searched="false" origin-is-local="false" origin-location="http://repo.typesafe.com/typesafe/releases/commons-collections/commons-collections/3.2.1/commons-collections-3.2.1.pom"/>
				<caller organisation="commons-configuration" name="commons-configuration" conf="compile, runtime" rev="3.2.1" rev-constraint-default="3.2.1" rev-constraint-dynamic="3.2.1" callerrev="1.6"/>
				<artifacts>
					<artifact name="commons-collections" type="jar" ext="jar" status="no" details="" size="575389" time="0" location="/root/.ivy2/cache/commons-collections/commons-collections/jars/commons-collections-3.2.1.jar">
						<origin-location is-local="false" location="http://repo.typesafe.com/typesafe/releases/commons-collections/commons-collections/3.2.1/commons-collections-3.2.1.jar"/>
					</artifact>
				</artifacts>
			</revision>
		</module>
		<module organisation="org.apache.commons" name="commons-math">
			<revision name="2.1" status="release" pubdate="20121011182101" resolver="sbt-chain" artresolver="sbt-chain" homepage="http://commons.apache.org/math/" downloaded="false" searched="false" default="false" conf="compile, master(*), runtime, compile(*), runtime(*), master" position="20">
				<metadata-artifact status="no" details="" size="5887" time="0" location="/root/.ivy2/cache/org.apache.commons/commons-math/ivy-2.1.xml" searched="false" origin-is-local="false" origin-location="http://repo.typesafe.com/typesafe/releases/org/apache/commons/commons-math/2.1/commons-math-2.1.pom"/>
				<caller organisation="org.apache.hadoop" name="hadoop-core" conf="compile, runtime" rev="2.1" rev-constraint-default="2.1" rev-constraint-dynamic="2.1" callerrev="0.20.205.0"/>
				<artifacts>
					<artifact name="commons-math" type="jar" ext="jar" status="no" details="" size="832410" time="0" location="/root/.ivy2/cache/org.apache.commons/commons-math/jars/commons-math-2.1.jar">
						<origin-location is-local="false" location="http://repo.typesafe.com/typesafe/releases/org/apache/commons/commons-math/2.1/commons-math-2.1.jar"/>
					</artifact>
				</artifacts>
			</revision>
		</module>
		<module organisation="commons-codec" name="commons-codec">
			<revision name="1.4" status="release" pubdate="20121011154425" resolver="sbt-chain" artresolver="sbt-chain" homepage="http://commons.apache.org/codec/" downloaded="false" searched="false" default="false" conf="compile, master(*), runtime, compile(*), runtime(*), master" position="19">
				<metadata-artifact status="no" details="" size="4984" time="0" location="/root/.ivy2/cache/commons-codec/commons-codec/ivy-1.4.xml" searched="false" origin-is-local="false" origin-location="http://repo.typesafe.com/typesafe/releases/commons-codec/commons-codec/1.4/commons-codec-1.4.pom"/>
				<caller organisation="commons-httpclient" name="commons-httpclient" conf="compile, runtime" rev="1.2" rev-constraint-default="1.2" rev-constraint-dynamic="1.2" callerrev="3.0.1"/>
				<caller organisation="net.java.dev.jets3t" name="jets3t" conf="compile, runtime" rev="1.3" rev-constraint-default="1.3" rev-constraint-dynamic="1.3" callerrev="0.7.1"/>
				<caller organisation="org.apache.httpcomponents" name="httpclient" conf="compile, runtime" rev="1.4" rev-constraint-default="1.4" rev-constraint-dynamic="1.4" callerrev="4.1"/>
				<caller organisation="org.apache.hadoop" name="hadoop-core" conf="compile, runtime" rev="1.4" rev-constraint-default="1.4" rev-constraint-dynamic="1.4" callerrev="0.20.205.0"/>
				<artifacts>
					<artifact name="commons-codec" type="jar" ext="jar" status="no" details="" size="58160" time="0" location="/root/.ivy2/cache/commons-codec/commons-codec/jars/commons-codec-1.4.jar">
						<origin-location is-local="false" location="http://repo.typesafe.com/typesafe/releases/commons-codec/commons-codec/1.4/commons-codec-1.4.jar"/>
					</artifact>
				</artifacts>
			</revision>
			<revision name="1.3" evicted="latest-revision" evicted-reason="" downloaded="false" searched="false" conf="compile, master(*), runtime, compile(*), runtime(*), master" position="-1">
				<evicted-by rev="1.4"/>
				<caller organisation="net.java.dev.jets3t" name="jets3t" conf="compile, runtime" rev="1.3" rev-constraint-default="1.3" rev-constraint-dynamic="1.3" callerrev="0.7.1"/>
				<artifacts>
				</artifacts>
			</revision>
			<revision name="1.2" evicted="latest-revision" evicted-reason="" downloaded="false" searched="false" conf="compile, master(*), runtime, compile(*), runtime(*), master" position="-1">
				<evicted-by rev="1.4"/>
				<caller organisation="commons-httpclient" name="commons-httpclient" conf="compile, runtime" rev="1.2" rev-constraint-default="1.2" rev-constraint-dynamic="1.2" callerrev="3.0.1"/>
				<caller organisation="org.apache.hadoop" name="hadoop-core" conf="compile, runtime" rev="1.4" rev-constraint-default="1.4" rev-constraint-dynamic="1.4" callerrev="0.20.205.0"/>
				<artifacts>
				</artifacts>
			</revision>
		</module>
		<module organisation="commons-httpclient" name="commons-httpclient">
			<revision name="3.0.1" status="release" pubdate="20121011182100" resolver="sbt-chain" artresolver="sbt-chain" homepage="http://jakarta.apache.org/commons/httpclient/" downloaded="false" searched="false" default="false" conf="compile, master(*), runtime, compile(*), runtime(*), master" position="17">
				<license name="Apache License" url="http://www.apache.org/licenses/LICENSE-2.0"/>
				<metadata-artifact status="no" details="" size="3167" time="0" location="/root/.ivy2/cache/commons-httpclient/commons-httpclient/ivy-3.0.1.xml" searched="false" origin-is-local="false" origin-location="http://repo.typesafe.com/typesafe/releases/commons-httpclient/commons-httpclient/3.0.1/commons-httpclient-3.0.1.pom"/>
				<caller organisation="net.java.dev.jets3t" name="jets3t" conf="compile, runtime" rev="3.1" rev-constraint-default="3.1" rev-constraint-dynamic="3.1" callerrev="0.7.1"/>
				<caller organisation="org.apache.hadoop" name="hadoop-core" conf="compile, runtime" rev="3.0.1" rev-constraint-default="3.0.1" rev-constraint-dynamic="3.0.1" callerrev="0.20.205.0"/>
				<artifacts>
					<artifact name="commons-httpclient" type="jar" ext="jar" status="no" details="" size="279781" time="0" location="/root/.ivy2/cache/commons-httpclient/commons-httpclient/jars/commons-httpclient-3.0.1.jar">
						<origin-location is-local="false" location="http://repo.typesafe.com/typesafe/releases/commons-httpclient/commons-httpclient/3.0.1/commons-httpclient-3.0.1.jar"/>
					</artifact>
				</artifacts>
			</revision>
			<revision name="3.1" evicted="latest-revision" evicted-reason="" downloaded="false" searched="false" conf="compile, master(*), runtime, compile(*), runtime(*), master" position="-1">
				<evicted-by rev="3.0.1"/>
				<caller organisation="net.java.dev.jets3t" name="jets3t" conf="compile, runtime" rev="3.1" rev-constraint-default="3.1" rev-constraint-dynamic="3.1" callerrev="0.7.1"/>
				<artifacts>
				</artifacts>
			</revision>
		</module>
		<module organisation="xmlenc" name="xmlenc">
			<revision name="0.52" status="release" pubdate="20121011182059" resolver="sbt-chain" artresolver="sbt-chain" homepage="http://xmlenc.sourceforge.net" downloaded="false" searched="false" default="false" conf="compile, master(*), runtime, compile(*), runtime(*), master" position="16">
				<license name="The BSD License" url="http://www.opensource.org/licenses/bsd-license.php"/>
				<metadata-artifact status="no" details="" size="2333" time="0" location="/root/.ivy2/cache/xmlenc/xmlenc/ivy-0.52.xml" searched="false" origin-is-local="false" origin-location="http://repo.typesafe.com/typesafe/releases/xmlenc/xmlenc/0.52/xmlenc-0.52.pom"/>
				<caller organisation="org.apache.hadoop" name="hadoop-core" conf="compile, runtime" rev="0.52" rev-constraint-default="0.52" rev-constraint-dynamic="0.52" callerrev="0.20.205.0"/>
				<artifacts>
					<artifact name="xmlenc" type="jar" ext="jar" status="no" details="" size="15010" time="0" location="/root/.ivy2/cache/xmlenc/xmlenc/jars/xmlenc-0.52.jar">
						<origin-location is-local="false" location="http://repo.typesafe.com/typesafe/releases/xmlenc/xmlenc/0.52/xmlenc-0.52.jar"/>
					</artifact>
				</artifacts>
			</revision>
		</module>
		<module organisation="commons-cli" name="commons-cli">
			<revision name="1.2" status="release" pubdate="20121011175300" resolver="sbt-chain" artresolver="sbt-chain" homepage="http://commons.apache.org/cli/" downloaded="false" searched="false" default="false" conf="compile, master(*), runtime, compile(*), runtime(*), master" position="15">
				<metadata-artifact status="no" details="" size="4450" time="0" location="/root/.ivy2/cache/commons-cli/commons-cli/ivy-1.2.xml" searched="false" origin-is-local="false" origin-location="http://repo.typesafe.com/typesafe/releases/commons-cli/commons-cli/1.2/commons-cli-1.2.pom"/>
				<caller organisation="org.apache.hadoop" name="hadoop-core" conf="compile, runtime" rev="1.2" rev-constraint-default="1.2" rev-constraint-dynamic="1.2" callerrev="0.20.205.0"/>
				<artifacts>
					<artifact name="commons-cli" type="jar" ext="jar" status="no" details="" size="41123" time="0" location="/root/.ivy2/cache/commons-cli/commons-cli/jars/commons-cli-1.2.jar">
						<origin-location is-local="false" location="http://repo.typesafe.com/typesafe/releases/commons-cli/commons-cli/1.2/commons-cli-1.2.jar"/>
					</artifact>
				</artifacts>
			</revision>
		</module>
		<module organisation="com.ning" name="compress-lzf">
			<revision name="0.8.4" status="release" pubdate="20121011195802" resolver="sbt-chain" artresolver="sbt-chain" homepage="http://github.com/ning/compress" downloaded="false" searched="false" default="false" conf="compile, master(*), runtime, compile(*), runtime(*), master" position="13">
				<license name="Apache License 2.0" url="http://www.apache.org/licenses/LICENSE-2.0.html"/>
				<metadata-artifact status="no" details="" size="3437" time="0" location="/root/.ivy2/cache/com.ning/compress-lzf/ivy-0.8.4.xml" searched="false" origin-is-local="false" origin-location="http://repo.typesafe.com/typesafe/releases/com/ning/compress-lzf/0.8.4/compress-lzf-0.8.4.pom"/>
				<caller organisation="org.spark-project" name="spark-core_2.9.2" conf="default, compile, runtime, master" rev="0.8.4" rev-constraint-default="0.8.4" rev-constraint-dynamic="0.8.4" callerrev="0.6.0"/>
				<artifacts>
					<artifact name="compress-lzf" type="bundle" ext="jar" status="no" details="" size="25489" time="0" location="/root/.ivy2/cache/com.ning/compress-lzf/bundles/compress-lzf-0.8.4.jar">
						<origin-location is-local="false" location="http://repo.typesafe.com/typesafe/releases/com/ning/compress-lzf/0.8.4/compress-lzf-0.8.4.jar"/>
					</artifact>
				</artifacts>
			</revision>
		</module>
		<module organisation="org.slf4j" name="slf4j-log4j12">
			<revision name="1.6.1" status="release" pubdate="20121011174207" resolver="sbt-chain" artresolver="sbt-chain" homepage="http://www.slf4j.org" downloaded="false" searched="false" default="false" conf="compile, master(*), runtime, compile(*), runtime(*), master" position="12">
				<metadata-artifact status="no" details="" size="4303" time="0" location="/root/.ivy2/cache/org.slf4j/slf4j-log4j12/ivy-1.6.1.xml" searched="false" origin-is-local="false" origin-location="http://repo.typesafe.com/typesafe/releases/org/slf4j/slf4j-log4j12/1.6.1/slf4j-log4j12-1.6.1.pom"/>
				<caller organisation="org.spark-project" name="spark-core_2.9.2" conf="default, compile, runtime, master" rev="1.6.1" rev-constraint-default="1.6.1" rev-constraint-dynamic="1.6.1" callerrev="0.6.0"/>
				<artifacts>
					<artifact name="slf4j-log4j12" type="jar" ext="jar" status="no" details="" size="9753" time="0" location="/root/.ivy2/cache/org.slf4j/slf4j-log4j12/jars/slf4j-log4j12-1.6.1.jar">
						<origin-location is-local="false" location="http://repo.typesafe.com/typesafe/releases/org/slf4j/slf4j-log4j12/1.6.1/slf4j-log4j12-1.6.1.jar"/>
					</artifact>
				</artifacts>
			</revision>
		</module>
		<module organisation="log4j" name="log4j">
			<revision name="1.2.16" status="release" pubdate="20121011153927" resolver="sbt-chain" artresolver="sbt-chain" homepage="http://logging.apache.org/log4j/1.2/" downloaded="false" searched="false" default="false" conf="compile, master(*), runtime, compile(*), runtime(*), master" position="10">
				<license name="The Apache Software License, Version 2.0" url="http://www.apache.org/licenses/LICENSE-2.0.txt"/>
				<metadata-artifact status="no" details="" size="3342" time="0" location="/root/.ivy2/cache/log4j/log4j/ivy-1.2.16.xml" searched="false" origin-is-local="false" origin-location="http://repo.typesafe.com/typesafe/releases/log4j/log4j/1.2.16/log4j-1.2.16.pom"/>
				<caller organisation="org.slf4j" name="slf4j-log4j12" conf="compile, runtime" rev="1.2.16" rev-constraint-default="1.2.16" rev-constraint-dynamic="1.2.16" callerrev="1.6.1"/>
				<caller organisation="org.spark-project" name="spark-core_2.9.2" conf="default, compile, runtime, master" rev="1.2.16" rev-constraint-default="1.2.16" rev-constraint-dynamic="1.2.16" callerrev="0.6.0"/>
				<artifacts>
					<artifact name="log4j" type="bundle" ext="jar" status="no" details="" size="481535" time="0" location="/root/.ivy2/cache/log4j/log4j/bundles/log4j-1.2.16.jar">
						<origin-location is-local="false" location="http://repo.typesafe.com/typesafe/releases/log4j/log4j/1.2.16/log4j-1.2.16.jar"/>
					</artifact>
				</artifacts>
			</revision>
		</module>
		<module organisation="oro" name="oro">
			<revision name="2.0.8" status="release" pubdate="20121011154041" resolver="sbt-chain" artresolver="sbt-chain" homepage="" downloaded="false" searched="false" default="false" conf="compile, master(*), runtime, compile(*), runtime(*), master" position="28">
				<metadata-artifact status="no" details="" size="2170" time="0" location="/root/.ivy2/cache/oro/oro/ivy-2.0.8.xml" searched="false" origin-is-local="false" origin-location="http://repo.typesafe.com/typesafe/releases/oro/oro/2.0.8/oro-2.0.8.pom"/>
				<caller organisation="commons-net" name="commons-net" conf="compile, runtime" rev="2.0.8" rev-constraint-default="2.0.8" rev-constraint-dynamic="2.0.8" callerrev="1.4.1"/>
				<caller organisation="org.apache.hadoop" name="hadoop-core" conf="compile, runtime" rev="2.0.8" rev-constraint-default="2.0.8" rev-constraint-dynamic="2.0.8" callerrev="0.20.205.0"/>
				<artifacts>
					<artifact name="oro" type="jar" ext="jar" status="no" details="" size="65261" time="0" location="/root/.ivy2/cache/oro/oro/jars/oro-2.0.8.jar">
						<origin-location is-local="false" location="http://repo.typesafe.com/typesafe/releases/oro/oro/2.0.8/oro-2.0.8.jar"/>
					</artifact>
				</artifacts>
			</revision>
		</module>
		<module organisation="com.google.guava" name="guava">
			<revision name="11.0.1" status="release" pubdate="20121011204840" resolver="sbt-chain" artresolver="sbt-chain" homepage="" downloaded="false" searched="false" default="false" conf="compile, master(*), runtime, compile(*), runtime(*), master" position="8">
				<metadata-artifact status="no" details="" size="3835" time="0" location="/root/.ivy2/cache/com.google.guava/guava/ivy-11.0.1.xml" searched="false" origin-is-local="false" origin-location="http://repo.typesafe.com/typesafe/releases/com/google/guava/guava/11.0.1/guava-11.0.1.pom"/>
				<caller organisation="org.spark-project" name="spark-core_2.9.2" conf="default, compile, runtime, master" rev="11.0.1" rev-constraint-default="11.0.1" rev-constraint-dynamic="11.0.1" callerrev="0.6.0"/>
				<artifacts>
					<artifact name="guava" type="jar" ext="jar" status="no" details="" size="1649781" time="0" location="/root/.ivy2/cache/com.google.guava/guava/jars/guava-11.0.1.jar">
						<origin-location is-local="false" location="http://repo.typesafe.com/typesafe/releases/com/google/guava/guava/11.0.1/guava-11.0.1.jar"/>
					</artifact>
				</artifacts>
			</revision>
		</module>
		<module organisation="com.google.code.findbugs" name="jsr305">
			<revision name="1.3.9" status="release" pubdate="20121011153717" resolver="sbt-chain" artresolver="sbt-chain" homepage="http://findbugs.sourceforge.net/" downloaded="false" searched="false" default="false" conf="compile, master(*), runtime, compile(*), runtime(*), master" position="9">
				<license name="The Apache Software License, Version 2.0" url="http://www.apache.org/licenses/LICENSE-2.0.txt"/>
				<metadata-artifact status="no" details="" size="2393" time="0" location="/root/.ivy2/cache/com.google.code.findbugs/jsr305/ivy-1.3.9.xml" searched="false" origin-is-local="false" origin-location="http://repo.typesafe.com/typesafe/releases/com/google/code/findbugs/jsr305/1.3.9/jsr305-1.3.9.pom"/>
				<caller organisation="com.google.guava" name="guava" conf="compile, runtime" rev="1.3.9" rev-constraint-default="1.3.9" rev-constraint-dynamic="1.3.9" callerrev="11.0.1"/>
				<artifacts>
					<artifact name="jsr305" type="jar" ext="jar" status="no" details="" size="33015" time="0" location="/root/.ivy2/cache/com.google.code.findbugs/jsr305/jars/jsr305-1.3.9.jar">
						<origin-location is-local="false" location="http://repo.typesafe.com/typesafe/releases/com/google/code/findbugs/jsr305/1.3.9/jsr305-1.3.9.jar"/>
					</artifact>
				</artifacts>
			</revision>
		</module>
		<module organisation="org.eclipse.jetty" name="jetty-server">
			<revision name="7.5.3.v20111011" status="release" pubdate="20121011214953" resolver="sbt-chain" artresolver="sbt-chain" homepage="${jetty.url}" downloaded="false" searched="false" default="false" conf="compile, master(*), runtime, compile(*), runtime(*), master" position="2">
				<metadata-artifact status="no" details="" size="7806" time="0" location="/root/.ivy2/cache/org.eclipse.jetty/jetty-server/ivy-7.5.3.v20111011.xml" searched="false" origin-is-local="false" origin-location="http://repo.typesafe.com/typesafe/releases/org/eclipse/jetty/jetty-server/7.5.3.v20111011/jetty-server-7.5.3.v20111011.pom"/>
				<caller organisation="org.spark-project" name="spark-core_2.9.2" conf="default, compile, runtime, master" rev="7.5.3.v20111011" rev-constraint-default="7.5.3.v20111011" rev-constraint-dynamic="7.5.3.v20111011" callerrev="0.6.0"/>
				<artifacts>
					<artifact name="jetty-server" type="jar" ext="jar" status="no" details="" size="307137" time="0" location="/root/.ivy2/cache/org.eclipse.jetty/jetty-server/jars/jetty-server-7.5.3.v20111011.jar">
						<origin-location is-local="false" location="http://repo.typesafe.com/typesafe/releases/org/eclipse/jetty/jetty-server/7.5.3.v20111011/jetty-server-7.5.3.v20111011.jar"/>
					</artifact>
				</artifacts>
			</revision>
		</module>
		<module organisation="org.eclipse.jetty" name="jetty-http">
			<revision name="7.5.3.v20111011" status="release" pubdate="20121011215044" resolver="sbt-chain" artresolver="sbt-chain" homepage="" downloaded="false" searched="false" default="false" conf="compile, master(*), runtime, compile(*), runtime(*), master" position="5">
				<metadata-artifact status="no" details="" size="7254" time="0" location="/root/.ivy2/cache/org.eclipse.jetty/jetty-http/ivy-7.5.3.v20111011.xml" searched="false" origin-is-local="false" origin-location="http://repo.typesafe.com/typesafe/releases/org/eclipse/jetty/jetty-http/7.5.3.v20111011/jetty-http-7.5.3.v20111011.pom"/>
				<caller organisation="org.eclipse.jetty" name="jetty-server" conf="compile, runtime" rev="7.5.3.v20111011" rev-constraint-default="7.5.3.v20111011" rev-constraint-dynamic="7.5.3.v20111011" callerrev="7.5.3.v20111011"/>
				<artifacts>
					<artifact name="jetty-http" type="jar" ext="jar" status="no" details="" size="114830" time="0" location="/root/.ivy2/cache/org.eclipse.jetty/jetty-http/jars/jetty-http-7.5.3.v20111011.jar">
						<origin-location is-local="false" location="http://repo.typesafe.com/typesafe/releases/org/eclipse/jetty/jetty-http/7.5.3.v20111011/jetty-http-7.5.3.v20111011.jar"/>
					</artifact>
				</artifacts>
			</revision>
		</module>
		<module organisation="org.eclipse.jetty" name="jetty-io">
			<revision name="7.5.3.v20111011" status="release" pubdate="20121011215052" resolver="sbt-chain" artresolver="sbt-chain" homepage="" downloaded="false" searched="false" default="false" conf="compile, master(*), runtime, compile(*), runtime(*), master" position="6">
				<metadata-artifact status="no" details="" size="7143" time="0" location="/root/.ivy2/cache/org.eclipse.jetty/jetty-io/ivy-7.5.3.v20111011.xml" searched="false" origin-is-local="false" origin-location="http://repo.typesafe.com/typesafe/releases/org/eclipse/jetty/jetty-io/7.5.3.v20111011/jetty-io-7.5.3.v20111011.pom"/>
				<caller organisation="org.eclipse.jetty" name="jetty-http" conf="compile, runtime" rev="7.5.3.v20111011" rev-constraint-default="7.5.3.v20111011" rev-constraint-dynamic="7.5.3.v20111011" callerrev="7.5.3.v20111011"/>
				<artifacts>
					<artifact name="jetty-io" type="jar" ext="jar" status="no" details="" size="90849" time="0" location="/root/.ivy2/cache/org.eclipse.jetty/jetty-io/jars/jetty-io-7.5.3.v20111011.jar">
						<origin-location is-local="false" location="http://repo.typesafe.com/typesafe/releases/org/eclipse/jetty/jetty-io/7.5.3.v20111011/jetty-io-7.5.3.v20111011.jar"/>
					</artifact>
				</artifacts>
			</revision>
		</module>
		<module organisation="org.eclipse.jetty" name="jetty-util">
			<revision name="7.5.3.v20111011" status="release" pubdate="20121011215100" resolver="sbt-chain" artresolver="sbt-chain" homepage="" downloaded="false" searched="false" default="false" conf="compile, master(*), runtime, compile(*), runtime(*), master" position="7">
				<metadata-artifact status="no" details="" size="7231" time="0" location="/root/.ivy2/cache/org.eclipse.jetty/jetty-util/ivy-7.5.3.v20111011.xml" searched="false" origin-is-local="false" origin-location="http://repo.typesafe.com/typesafe/releases/org/eclipse/jetty/jetty-util/7.5.3.v20111011/jetty-util-7.5.3.v20111011.pom"/>
				<caller organisation="org.eclipse.jetty" name="jetty-io" conf="compile, runtime" rev="7.5.3.v20111011" rev-constraint-default="7.5.3.v20111011" rev-constraint-dynamic="7.5.3.v20111011" callerrev="7.5.3.v20111011"/>
				<artifacts>
					<artifact name="jetty-util" type="jar" ext="jar" status="no" details="" size="215244" time="0" location="/root/.ivy2/cache/org.eclipse.jetty/jetty-util/jars/jetty-util-7.5.3.v20111011.jar">
						<origin-location is-local="false" location="http://repo.typesafe.com/typesafe/releases/org/eclipse/jetty/jetty-util/7.5.3.v20111011/jetty-util-7.5.3.v20111011.jar"/>
					</artifact>
				</artifacts>
			</revision>
		</module>
		<module organisation="org.slf4j" name="slf4j-api">
			<revision name="1.6.1" status="release" pubdate="20121011153608" resolver="sbt-chain" artresolver="sbt-chain" homepage="http://www.slf4j.org" downloaded="false" searched="false" default="false" conf="compile, master(*), runtime, compile(*), runtime(*), master" position="11">
				<metadata-artifact status="no" details="" size="4133" time="0" location="/root/.ivy2/cache/org.slf4j/slf4j-api/ivy-1.6.1.xml" searched="false" origin-is-local="false" origin-location="http://repo.typesafe.com/typesafe/releases/org/slf4j/slf4j-api/1.6.1/slf4j-api-1.6.1.pom"/>
				<caller organisation="org.slf4j" name="slf4j-log4j12" conf="compile, runtime" rev="1.6.1" rev-constraint-default="1.6.1" rev-constraint-dynamic="1.6.1" callerrev="1.6.1"/>
				<caller organisation="org.spark-project" name="spark-core_2.9.2" conf="default, compile, runtime, master" rev="1.6.1" rev-constraint-default="1.6.1" rev-constraint-dynamic="1.6.1" callerrev="0.6.0"/>
				<caller organisation="com.typesafe.akka" name="akka-slf4j" conf="compile, runtime" rev="1.6.4" rev-constraint-default="1.6.4" rev-constraint-dynamic="1.6.4" callerrev="2.0.3"/>
				<artifacts>
					<artifact name="slf4j-api" type="jar" ext="jar" status="no" details="" size="25496" time="0" location="/root/.ivy2/cache/org.slf4j/slf4j-api/jars/slf4j-api-1.6.1.jar">
						<origin-location is-local="false" location="http://repo.typesafe.com/typesafe/releases/org/slf4j/slf4j-api/1.6.1/slf4j-api-1.6.1.jar"/>
					</artifact>
				</artifacts>
			</revision>
			<revision name="1.6.4" evicted="latest-revision" evicted-reason="" downloaded="false" searched="false" conf="compile, master(*), runtime, compile(*), runtime(*), master" position="-1">
				<evicted-by rev="1.6.1"/>
				<caller organisation="com.typesafe.akka" name="akka-slf4j" conf="compile, runtime" rev="1.6.4" rev-constraint-default="1.6.4" rev-constraint-dynamic="1.6.4" callerrev="2.0.3"/>
				<artifacts>
				</artifacts>
			</revision>
		</module>
		<module organisation="junit" name="junit">
			<revision name="3.8.1" status="release" pubdate="20121011163408" resolver="sbt-chain" artresolver="sbt-chain" homepage="http://junit.org" downloaded="false" searched="false" default="false" conf="compile, master(*), runtime, compile(*), runtime(*), master" position="18">
				<license name="Common Public License Version 1.0" url="http://www.opensource.org/licenses/cpl1.0.txt"/>
				<metadata-artifact status="no" details="" size="2457" time="0" location="/root/.ivy2/cache/junit/junit/ivy-3.8.1.xml" searched="false" origin-is-local="false" origin-location="http://repo.typesafe.com/typesafe/releases/junit/junit/3.8.1/junit-3.8.1.pom"/>
				<caller organisation="commons-httpclient" name="commons-httpclient" conf="compile, runtime" rev="3.8.1" rev-constraint-default="3.8.1" rev-constraint-dynamic="3.8.1" callerrev="3.0.1"/>
				<artifacts>
					<artifact name="junit" type="jar" ext="jar" status="no" details="" size="121070" time="0" location="/root/.ivy2/cache/junit/junit/jars/junit-3.8.1.jar">
						<origin-location is-local="false" location="http://repo.typesafe.com/typesafe/releases/junit/junit/3.8.1/junit-3.8.1.jar"/>
					</artifact>
				</artifacts>
			</revision>
		</module>
		<module organisation="org.eclipse.jetty" name="jetty-continuation">
			<revision name="7.5.3.v20111011" status="release" pubdate="20121011215037" resolver="sbt-chain" artresolver="sbt-chain" homepage="" downloaded="false" searched="false" default="false" conf="compile, master(*), runtime, compile(*), runtime(*), master" position="4">
				<metadata-artifact status="no" details="" size="7222" time="0" location="/root/.ivy2/cache/org.eclipse.jetty/jetty-continuation/ivy-7.5.3.v20111011.xml" searched="false" origin-is-local="false" origin-location="http://repo.typesafe.com/typesafe/releases/org/eclipse/jetty/jetty-continuation/7.5.3.v20111011/jetty-continuation-7.5.3.v20111011.pom"/>
				<caller organisation="org.eclipse.jetty" name="jetty-server" conf="compile, runtime" rev="7.5.3.v20111011" rev-constraint-default="7.5.3.v20111011" rev-constraint-dynamic="7.5.3.v20111011" callerrev="7.5.3.v20111011"/>
				<artifacts>
					<artifact name="jetty-continuation" type="jar" ext="jar" status="no" details="" size="20192" time="0" location="/root/.ivy2/cache/org.eclipse.jetty/jetty-continuation/jars/jetty-continuation-7.5.3.v20111011.jar">
						<origin-location is-local="false" location="http://repo.typesafe.com/typesafe/releases/org/eclipse/jetty/jetty-continuation/7.5.3.v20111011/jetty-continuation-7.5.3.v20111011.jar"/>
					</artifact>
				</artifacts>
			</revision>
		</module>
		<module organisation="org.mortbay.jetty" name="jetty-util">
			<revision name="6.1.26" status="release" pubdate="20121011182113" resolver="sbt-chain" artresolver="sbt-chain" homepage="" downloaded="false" searched="false" default="false" conf="compile, master(*), runtime, compile(*), runtime(*), master" position="30">
				<metadata-artifact status="no" details="" size="7138" time="0" location="/root/.ivy2/cache/org.mortbay.jetty/jetty-util/ivy-6.1.26.xml" searched="false" origin-is-local="false" origin-location="http://repo.typesafe.com/typesafe/releases/org/mortbay/jetty/jetty-util/6.1.26/jetty-util-6.1.26.pom"/>
				<caller organisation="org.mortbay.jetty" name="jetty" conf="compile, runtime" rev="6.1.26" rev-constraint-default="6.1.26" rev-constraint-dynamic="6.1.26" callerrev="6.1.26"/>
				<caller organisation="org.apache.hadoop" name="hadoop-core" conf="compile, runtime" rev="6.1.26" rev-constraint-default="6.1.26" rev-constraint-dynamic="6.1.26" callerrev="0.20.205.0"/>
				<artifacts>
					<artifact name="jetty-util" type="jar" ext="jar" status="no" details="" size="177131" time="0" location="/root/.ivy2/cache/org.mortbay.jetty/jetty-util/jars/jetty-util-6.1.26.jar">
						<origin-location is-local="false" location="http://repo.typesafe.com/typesafe/releases/org/mortbay/jetty/jetty-util/6.1.26/jetty-util-6.1.26.jar"/>
					</artifact>
				</artifacts>
			</revision>
		</module>
		<module organisation="org.mortbay.jetty" name="servlet-api">
			<revision name="2.5-20081211" status="release" pubdate="20121011171230" resolver="sbt-chain" artresolver="sbt-chain" homepage="" downloaded="false" searched="false" default="false" conf="compile, master(*), runtime, compile(*), runtime(*), master" position="31">
				<metadata-artifact status="no" details="" size="2759" time="0" location="/root/.ivy2/cache/org.mortbay.jetty/servlet-api/ivy-2.5-20081211.xml" searched="false" origin-is-local="false" origin-location="http://repo.typesafe.com/typesafe/releases/org/mortbay/jetty/servlet-api/2.5-20081211/servlet-api-2.5-20081211.pom"/>
				<caller organisation="org.mortbay.jetty" name="jetty" conf="compile, runtime" rev="2.5-20081211" rev-constraint-default="2.5-20081211" rev-constraint-dynamic="2.5-20081211" callerrev="6.1.26"/>
				<artifacts>
					<artifact name="servlet-api" type="jar" ext="jar" status="no" details="" size="134133" time="0" location="/root/.ivy2/cache/org.mortbay.jetty/servlet-api/jars/servlet-api-2.5-20081211.jar">
						<origin-location is-local="false" location="http://repo.typesafe.com/typesafe/releases/org/mortbay/jetty/servlet-api/2.5-20081211/servlet-api-2.5-20081211.jar"/>
					</artifact>
				</artifacts>
			</revision>
		</module>
		<module organisation="javax.servlet" name="servlet-api">
			<revision name="2.5" status="release" pubdate="20121011153850" resolver="sbt-chain" artresolver="sbt-chain" homepage="" downloaded="false" searched="false" default="false" conf="compile, master(*), runtime, compile(*), runtime(*), master" position="3">
				<metadata-artifact status="no" details="" size="2194" time="0" location="/root/.ivy2/cache/javax.servlet/servlet-api/ivy-2.5.xml" searched="false" origin-is-local="false" origin-location="http://repo.typesafe.com/typesafe/releases/javax/servlet/servlet-api/2.5/servlet-api-2.5.pom"/>
				<caller organisation="org.eclipse.jetty" name="jetty-server" conf="compile, runtime" rev="2.5" rev-constraint-default="2.5" rev-constraint-dynamic="2.5" callerrev="7.5.3.v20111011"/>
				<artifacts>
					<artifact name="servlet-api" type="jar" ext="jar" status="no" details="" size="105112" time="0" location="/root/.ivy2/cache/javax.servlet/servlet-api/jars/servlet-api-2.5.jar">
						<origin-location is-local="false" location="http://repo.typesafe.com/typesafe/releases/javax/servlet/servlet-api/2.5/servlet-api-2.5.jar"/>
					</artifact>
				</artifacts>
			</revision>
		</module>
		<module organisation="org.scala-lang" name="scala-library">
			<revision name="2.9.2" status="release" pubdate="20120413202921" resolver="sbt-chain" artresolver="sbt-chain" homepage="http://www.scala-lang.org/" downloaded="false" searched="false" default="false" conf="default(compile), default, compile, master(*), compile(*), runtime, runtime(*), master" position="0">
				<license name="BSD-like" url="http://www.scala-lang.org/downloads/license.html          "/>
				<metadata-artifact status="no" details="" size="2391" time="0" location="/root/.ivy2/cache/org.scala-lang/scala-library/ivy-2.9.2.xml" searched="false" origin-is-local="false" origin-location="http://repo1.maven.org/maven2/org/scala-lang/scala-library/2.9.2/scala-library-2.9.2.pom"/>
				<caller organisation="com.typesafe.akka" name="akka-remote" conf="compile, runtime" rev="2.9.2" rev-constraint-default="2.9.2" rev-constraint-dynamic="2.9.2" callerrev="2.0.3"/>
				<caller organisation="pagerank" name="pagerank_2.9.2" conf="test-internal, test, optional, compile, provided, runtime" rev="2.9.2" rev-constraint-default="2.9.2" rev-constraint-dynamic="2.9.2" callerrev="1.0"/>
				<caller organisation="com.typesafe.akka" name="akka-slf4j" conf="compile, runtime" rev="2.9.2" rev-constraint-default="2.9.2" rev-constraint-dynamic="2.9.2" callerrev="2.0.3"/>
				<caller organisation="org.parboiled" name="parboiled-scala" conf="compile, runtime" rev="2.9.2" rev-constraint-default="2.9.2" rev-constraint-dynamic="2.9.1" callerrev="1.0.2"/>
				<caller organisation="cc.spray" name="spray-server" conf="compile, runtime" rev="2.9.2" rev-constraint-default="2.9.2" rev-constraint-dynamic="2.9.1" callerrev="1.0-M2.1"/>
				<caller organisation="cc.spray" name="spray-io" conf="compile, runtime" rev="2.9.2" rev-constraint-default="2.9.2" rev-constraint-dynamic="2.9.1" callerrev="1.0-M2.1"/>
				<caller organisation="org.spark-project" name="spark-core_2.9.2" conf="default, compile, runtime, master" rev="2.9.2" rev-constraint-default="2.9.2" rev-constraint-dynamic="2.9.2" callerrev="0.6.0"/>
				<caller organisation="com.typesafe.akka" name="akka-actor" conf="compile, runtime" rev="2.9.2" rev-constraint-default="2.9.2" rev-constraint-dynamic="2.9.2" callerrev="2.0.3"/>
				<caller organisation="net.debasishg" name="sjson_2.9.1" conf="compile, runtime" rev="2.9.2" rev-constraint-default="2.9.2" rev-constraint-dynamic="2.9.1" callerrev="0.15"/>
				<caller organisation="cc.spray" name="spray-can" conf="compile, runtime" rev="2.9.2" rev-constraint-default="2.9.2" rev-constraint-dynamic="2.9.1" callerrev="1.0-M2.1"/>
				<caller organisation="cc.spray" name="twirl-api_2.9.2" conf="compile, runtime" rev="2.9.2" rev-constraint-default="2.9.2" rev-constraint-dynamic="2.9.2" callerrev="0.5.2"/>
				<caller organisation="net.databinder" name="dispatch-json_2.9.1" conf="compile, runtime" rev="2.9.2" rev-constraint-default="2.9.2" rev-constraint-dynamic="2.9.1" callerrev="0.8.5"/>
				<caller organisation="cc.spray" name="spray-util" conf="compile, runtime" rev="2.9.2" rev-constraint-default="2.9.2" rev-constraint-dynamic="2.9.1" callerrev="1.0-M2.1"/>
				<caller organisation="cc.spray" name="spray-base" conf="compile, runtime" rev="2.9.2" rev-constraint-default="2.9.2" rev-constraint-dynamic="2.9.1" callerrev="1.0-M2.1"/>
				<artifacts>
				</artifacts>
			</revision>
		</module>
	</dependencies>
</ivy-report>
